{"recorder_version":"21","session":"a8020189cd38","build":"192.6603.28","bucket":"197","time":1573049026120,"group":{"id":"settings","version":"4"},"event":{"state":true,"data":{"component":"NotRoamableUiSettings","created":1573049026314},"id":"invoked"}}
{"recorder_version":"21","session":"a8020189cd38","build":"192.6603.28","bucket":"197","time":1573049026123,"group":{"id":"settings","version":"4"},"event":{"state":true,"data":{"component":"UISettings","created":1573049026317},"id":"invoked"}}
{"recorder_version":"21","session":"a8020189cd38","build":"192.6603.28","bucket":"197","time":1573049026124,"group":{"id":"system.java","version":"1"},"event":{"state":true,"data":{"created":1573049026326,"version":"1.11"},"id":"JetBrains"}}
{"recorder_version":"21","session":"a8020189cd38","build":"192.6603.28","bucket":"197","time":1573049026124,"group":{"id":"system.java","version":"1"},"event":{"state":true,"data":{"created":1573049026326},"id":"invoked"}}
{"recorder_version":"21","session":"a8020189cd38","build":"192.6603.28","bucket":"197","time":1573049026142,"group":{"id":"system.os","version":"3"},"event":{"state":true,"data":{"created":1573049026327,"version":"10.0"},"id":"Windows"}}
{"recorder_version":"21","session":"a8020189cd38","build":"192.6603.28","bucket":"197","time":1573049026142,"group":{"id":"system.os","version":"3"},"event":{"state":true,"data":{"created":1573049026328,"name":"Windows","version":"10.0"},"id":"os.name"}}
{"recorder_version":"21","session":"a8020189cd38","build":"192.6603.28","bucket":"197","time":1573049026142,"group":{"id":"system.os","version":"3"},"event":{"state":true,"data":{"created":1573049026329,"value":"+08_00"},"id":"os.timezone"}}
{"recorder_version":"21","session":"a8020189cd38","build":"192.6603.28","bucket":"197","time":1573049026142,"group":{"id":"system.os","version":"3"},"event":{"state":true,"data":{"created":1573049026329},"id":"invoked"}}
{"recorder_version":"21","session":"a8020189cd38","build":"192.6603.28","bucket":"197","time":1573049026314,"group":{"id":"event.log","version":"21"},"event":{"count":1,"data":{"created":1573049026330,"version":"880.0"},"id":"whitelist.loaded"}}
{"recorder_version":"21","session":"a8020189cd38","build":"192.6603.28","bucket":"197","time":1573049027208,"group":{"id":"settings","version":"4"},"event":{"state":true,"data":{"component":"UpdatesConfigurable","created":1573049027209,"name":"lastTimeChecked","type":"int","value":1573024535063},"id":"not.default"}}
{"recorder_version":"21","session":"a8020189cd38","build":"192.6603.28","bucket":"197","time":1573049027208,"group":{"id":"settings","version":"4"},"event":{"state":true,"data":{"component":"UpdatesConfigurable","created":1573049027210},"id":"invoked"}}
{"recorder_version":"21","session":"a8020189cd38","build":"192.6603.28","bucket":"197","time":1573049027370,"group":{"id":"settings","version":"4"},"event":{"state":true,"data":{"component":"GeneralSettings","created":1573049027370},"id":"invoked"}}
{"recorder_version":"21","session":"a8020189cd38","build":"192.6603.28","bucket":"197","time":1573049027379,"group":{"id":"lifecycle","version":"21"},"event":{"count":1,"data":{"eap":false,"created":1573049027379},"id":"ide.start"}}
{"recorder_version":"21","session":"a8020189cd38","build":"192.6603.28","bucket":"197","time":1573049028429,"group":{"id":"performance","version":"21"},"event":{"count":1,"data":{"duration_ms":904,"created":1573049028430},"id":"ui.latency"}}
{"recorder_version":"21","session":"a8020189cd38","build":"192.6603.28","bucket":"197","time":1573049028429,"group":{"id":"performance","version":"21"},"event":{"count":1,"data":{"duration_ms":904,"created":1573049028432},"id":"ui.lagging"}}
{"recorder_version":"21","session":"a8020189cd38","build":"192.6603.28","bucket":"197","time":1573049028493,"group":{"id":"lifecycle","version":"21"},"event":{"count":1,"data":{"created":1573049028493},"id":"frame.activated"}}
{"recorder_version":"21","session":"a8020189cd38","build":"192.6603.28","bucket":"197","time":1573049028952,"group":{"id":"ui.dialogs","version":"21"},"event":{"count":1,"data":{"created":1573049028954,"plugin_type":"PLATFORM","type":"show"},"id":"com.intellij.openapi.progress.util.ProgressDialog$MyDialogWrapper"}}
{"recorder_version":"21","session":"a8020189cd38","build":"192.6603.28","bucket":"197","time":1573049030847,"group":{"id":"lifecycle","version":"21"},"event":{"count":1,"data":{"created":1573049030847,"project":"ce81861df292f5aef62deba0ef0a15a4be4c461022f064a7c9055ab182797247"},"id":"project.opened"}}
{"recorder_version":"21","session":"a8020189cd38","build":"192.6603.28","bucket":"197","time":1573049031756,"group":{"id":"performance","version":"21"},"event":{"count":1,"data":{"duration_ms":228,"created":1573049031756},"id":"ui.lagging"}}
{"recorder_version":"21","session":"a8020189cd38","build":"192.6603.28","bucket":"197","time":1573049033187,"group":{"id":"settings","version":"4"},"event":{"state":true,"data":{"component":"XmlEditorOptions","created":1573049033187},"id":"invoked"}}
{"recorder_version":"21","session":"a8020189cd38","build":"192.6603.28","bucket":"197","time":1573049033686,"group":{"id":"performance","version":"21"},"event":{"count":1,"data":{"duration_ms":1157,"created":1573049033686},"id":"ui.lagging"}}
{"recorder_version":"21","session":"a8020189cd38","build":"192.6603.28","bucket":"197","time":1573049033712,"group":{"id":"performance","version":"21"},"event":{"count":1,"data":{"duration_ms":182,"created":1573049033712},"id":"ui.lagging"}}
{"recorder_version":"21","session":"a8020189cd38","build":"192.6603.28","bucket":"197","time":1573049034579,"group":{"id":"ui.tips","version":"2"},"event":{"count":1,"data":{"created":1573049034579,"type":"automatically"},"id":"dialog.shown"}}
{"recorder_version":"21","session":"a8020189cd38","build":"192.6603.28","bucket":"197","time":1573049034684,"group":{"id":"ui.dialogs","version":"21"},"event":{"count":1,"data":{"created":1573049034685,"plugin_type":"PLATFORM","type":"show"},"id":"com.intellij.ide.util.TipDialog"}}
{"recorder_version":"21","session":"a8020189cd38","build":"192.6603.28","bucket":"197","time":1573049035716,"group":{"id":"project.fs","version":"1"},"event":{"state":true,"data":{"os":"Windows","cs-project":false,"created":1573049035716,"project":"ce81861df292f5aef62deba0ef0a15a4be4c461022f064a7c9055ab182797247","cs-implicit":true,"cs-system":false},"id":"case-sensitivity"}}
{"recorder_version":"21","session":"a8020189cd38","build":"192.6603.28","bucket":"197","time":1573049035716,"group":{"id":"project.fs","version":"1"},"event":{"state":true,"data":{"created":1573049035717},"id":"invoked"}}
{"recorder_version":"21","session":"a8020189cd38","build":"192.6603.28","bucket":"197","time":1573049035717,"group":{"id":"project.fs","version":"1"},"event":{"state":true,"data":{"pct-non-watched":0,"created":1573049035717,"project":"ce81861df292f5aef62deba0ef0a15a4be4c461022f064a7c9055ab182797247"},"id":"roots-watched"}}
{"recorder_version":"21","session":"a8020189cd38","build":"192.6603.28","bucket":"197","time":1573049035717,"group":{"id":"project.fs","version":"1"},"event":{"state":true,"data":{"created":1573049035718},"id":"invoked"}}
{"recorder_version":"21","session":"a8020189cd38","build":"192.6603.28","bucket":"197","time":1573049035790,"group":{"id":"ui.dialogs","version":"21"},"event":{"count":1,"data":{"code":1,"created":1573049035790,"plugin_type":"PLATFORM","type":"close"},"id":"com.intellij.openapi.progress.util.ProgressDialog$MyDialogWrapper"}}
{"recorder_version":"21","session":"a8020189cd38","build":"192.6603.28","bucket":"197","time":1573049035959,"group":{"id":"lifecycle","version":"21"},"event":{"count":1,"data":{"duration_ms":7274,"created":1573049035959,"project":"ce81861df292f5aef62deba0ef0a15a4be4c461022f064a7c9055ab182797247"},"id":"project.opening.finished"}}
{"recorder_version":"21","session":"a8020189cd38","build":"192.6603.28","bucket":"197","time":1573049037301,"group":{"id":"kotlin.jps.target","version":"1"},"event":{"count":1,"data":{"plugin_version":"1.3.41-release-IJ2019.2-1","created":1573049037302},"id":"jvm"}}
{"recorder_version":"21","session":"a8020189cd38","build":"192.6603.28","bucket":"197","time":1573049037754,"group":{"id":"ui.dialogs","version":"21"},"event":{"count":1,"data":{"code":1,"created":1573049037754,"plugin_type":"PLATFORM","type":"close"},"id":"com.intellij.ide.util.TipDialog"}}
{"recorder_version":"21","session":"a8020189cd38","build":"192.6603.28","bucket":"197","time":1573049055827,"group":{"id":"actions","version":"21"},"event":{"count":1,"data":{"context_menu":false,"current_file":"JAVA","created":1573049055827,"plugin_type":"PLATFORM","project":"ce81861df292f5aef62deba0ef0a15a4be4c461022f064a7c9055ab182797247","place":"keyboard_shortcut","class":"com.intellij.openapi.editor.actions.BackspaceAction","input_event":"Backspace"},"id":"EditorBackSpace"}}
{"recorder_version":"21","session":"a8020189cd38","build":"192.6603.28","bucket":"197","time":1573049067210,"group":{"id":"actions","version":"21"},"event":{"count":2,"data":{"context_menu":false,"last":1573049070846,"current_file":"JAVA","created":1573049067210,"plugin_type":"PLATFORM","project":"ce81861df292f5aef62deba0ef0a15a4be4c461022f064a7c9055ab182797247","place":"keyboard_shortcut","class":"com.intellij.openapi.editor.actions.BackspaceAction","input_event":"Backspace"},"id":"EditorBackSpace"}}
{"recorder_version":"21","session":"a8020189cd38","build":"192.6603.28","bucket":"197","time":1573049089001,"group":{"id":"actions","version":"21"},"event":{"count":1,"data":{"context_menu":true,"current_file":"JAVA","created":1573049089002,"plugin_type":"PLATFORM","project":"ce81861df292f5aef62deba0ef0a15a4be4c461022f064a7c9055ab182797247","place":"EditorPopup","class":"com.intellij.ide.actions.CutAction","input_event":"MouseLeft"},"id":"$Cut"}}
{"recorder_version":"21","session":"a8020189cd38","build":"192.6603.28","bucket":"197","time":1573049090890,"group":{"id":"actions","version":"21"},"event":{"count":1,"data":{"context_menu":true,"current_file":"JAVA","created":1573049090890,"plugin_type":"PLATFORM","project":"ce81861df292f5aef62deba0ef0a15a4be4c461022f064a7c9055ab182797247","place":"EditorPopup","class":"com.intellij.ide.actions.PasteAction","input_event":"MouseLeft"},"id":"$Paste"}}
{"recorder_version":"21","session":"a8020189cd38","build":"192.6603.28","bucket":"197","time":1573049097762,"group":{"id":"actions","version":"21"},"event":{"count":1,"data":{"context_menu":false,"current_file":"JAVA","created":1573049097763,"plugin_type":"PLATFORM","project":"ce81861df292f5aef62deba0ef0a15a4be4c461022f064a7c9055ab182797247","place":"unknown","class":"com.intellij.xdebugger.impl.actions.ToggleLineBreakpointAction","input_event":"MouseLeft"},"id":"ToggleLineBreakpoint"}}
{"recorder_version":"21","session":"a8020189cd38","build":"192.6603.28","bucket":"197","time":1573049097782,"group":{"id":"debugger.breakpoints.usage","version":"2"},"event":{"count":1,"data":{"plugin":"com.intellij.java","created":1573049097783,"within_session":false,"plugin_type":"JB_BUNDLED","project":"ce81861df292f5aef62deba0ef0a15a4be4c461022f064a7c9055ab182797247","type":"java-line"},"id":"breakpoint.added"}}
{"recorder_version":"21","session":"a8020189cd38","build":"192.6603.28","bucket":"197","time":1573049098821,"group":{"id":"gutter.icon.click","version":"1"},"event":{"count":1,"data":{"current_file":"JAVA","created":1573049098821,"plugin_type":"PLATFORM","project":"ce81861df292f5aef62deba0ef0a15a4be4c461022f064a7c9055ab182797247"},"id":"db_set_breakpoint"}}
{"recorder_version":"21","session":"a8020189cd38","build":"192.6603.28","bucket":"197","time":1573049098822,"group":{"id":"actions","version":"21"},"event":{"count":1,"data":{"context_menu":false,"current_file":"JAVA","created":1573049098822,"plugin_type":"PLATFORM","project":"ce81861df292f5aef62deba0ef0a15a4be4c461022f064a7c9055ab182797247","place":"ICON_NAVIGATION","class":"com.intellij.xdebugger.impl.breakpoints.RemoveBreakpointGutterIconAction","input_event":"MouseLeft"},"id":"com.intellij.xdebugger.impl.breakpoints.RemoveBreakpointGutterIconAction"}}
{"recorder_version":"21","session":"a8020189cd38","build":"192.6603.28","bucket":"197","time":1573049100276,"group":{"id":"actions","version":"21"},"event":{"count":1,"data":{"context_menu":true,"parent":"com.intellij.execution.lineMarker.LineMarkerActionWrapper","current_file":"JAVA","created":1573049100276,"plugin_type":"PLATFORM","project":"ce81861df292f5aef62deba0ef0a15a4be4c461022f064a7c9055ab182797247","place":"ICON_NAVIGATION_SECONDARY_BUTTON","class":"com.intellij.execution.lineMarker.ExecutorAction","input_event":"MouseLeft"},"id":"com.intellij.execution.lineMarker.ExecutorAction"}}
{"recorder_version":"21","session":"a8020189cd38","build":"192.6603.28","bucket":"197","time":1573049100397,"group":{"id":"run.configuration.exec","version":"21"},"event":{"count":1,"data":{"plugin":"com.intellij.java","executor":"Run","created":1573049100398,"plugin_type":"JB_BUNDLED","project":"ce81861df292f5aef62deba0ef0a15a4be4c461022f064a7c9055ab182797247"},"id":"Application"}}
{"recorder_version":"21","session":"a8020189cd38","build":"192.6603.28","bucket":"197","time":1573049101090,"group":{"id":"performance","version":"21"},"event":{"count":1,"data":{"duration_ms":428,"created":1573049101091},"id":"ui.lagging"}}
{"recorder_version":"21","session":"a8020189cd38","build":"192.6603.28","bucket":"197","time":1573049103678,"group":{"id":"toolwindow","version":"21"},"event":{"count":1,"data":{"os":"Windows","created":1573049103678,"plugin_type":"PLATFORM"},"id":"Run"}}
{"recorder_version":"21","session":"a8020189cd38","build":"192.6603.28","bucket":"197","time":1573049128694,"group":{"id":"performance","version":"21"},"event":{"count":1,"data":{"duration_ms":0,"created":1573049128694},"id":"ui.latency"}}
{"recorder_version":"21","session":"a8020189cd38","build":"192.6603.28","bucket":"197","time":1573049138407,"group":{"id":"file.types.usage","version":"21"},"event":{"count":1,"data":{"plugin":"com.intellij.java","created":1573049138407,"plugin_type":"JB_BUNDLED","project":"ce81861df292f5aef62deba0ef0a15a4be4c461022f064a7c9055ab182797247","type":"edit"},"id":"JAVA"}}
{"recorder_version":"21","session":"a8020189cd38","build":"192.6603.28","bucket":"197","time":1573049140299,"group":{"id":"actions","version":"21"},"event":{"count":2,"data":{"context_menu":false,"last":1573049140515,"current_file":"JAVA","created":1573049140299,"plugin_type":"PLATFORM","project":"ce81861df292f5aef62deba0ef0a15a4be4c461022f064a7c9055ab182797247","place":"keyboard_shortcut","class":"com.intellij.openapi.editor.actions.BackspaceAction","input_event":"Backspace"},"id":"EditorBackSpace"}}
{"recorder_version":"21","session":"a8020189cd38","build":"192.6603.28","bucket":"197","time":1573049141953,"group":{"id":"productivity","version":"21"},"event":{"count":1,"data":{"created":1573049141953,"plugin_type":"PLATFORM"},"id":"codeassists.highlight.throws"}}
{"recorder_version":"21","session":"a8020189cd38","build":"192.6603.28","bucket":"197","time":1573049147923,"group":{"id":"actions","version":"21"},"event":{"count":1,"data":{"context_menu":false,"current_file":"JAVA","created":1573049147923,"plugin_type":"PLATFORM","project":"ce81861df292f5aef62deba0ef0a15a4be4c461022f064a7c9055ab182797247","place":"keyboard_shortcut","class":"com.intellij.openapi.editor.actions.EnterAction","input_event":"Enter"},"id":"EditorEnter"}}
{"recorder_version":"21","session":"a8020189cd38","build":"192.6603.28","bucket":"197","time":1573049157322,"group":{"id":"productivity","version":"21"},"event":{"count":1,"data":{"created":1573049157323,"plugin_type":"PLATFORM"},"id":"codeassists.highlight.throws"}}
{"recorder_version":"21","session":"a8020189cd38","build":"192.6603.28","bucket":"197","time":1573049158933,"group":{"id":"actions","version":"21"},"event":{"count":1,"data":{"context_menu":false,"current_file":"JAVA","created":1573049158933,"plugin_type":"PLATFORM","project":"ce81861df292f5aef62deba0ef0a15a4be4c461022f064a7c9055ab182797247","place":"keyboard_shortcut","class":"com.intellij.openapi.editor.actions.EnterAction","input_event":"Enter"},"id":"EditorEnter"}}
{"recorder_version":"21","session":"a8020189cd38","build":"192.6603.28","bucket":"197","time":1573049166836,"group":{"id":"actions","version":"21"},"event":{"count":1,"data":{"context_menu":false,"current_file":"JAVA","created":1573049166836,"plugin_type":"PLATFORM","project":"ce81861df292f5aef62deba0ef0a15a4be4c461022f064a7c9055ab182797247","place":"keyboard_shortcut","class":"com.intellij.openapi.editor.actions.MoveCaretUpAction","input_event":"Up"},"id":"EditorUp"}}
{"recorder_version":"21","session":"a8020189cd38","build":"192.6603.28","bucket":"197","time":1573049167141,"group":{"id":"productivity","version":"21"},"event":{"count":1,"data":{"created":1573049167141,"plugin_type":"PLATFORM"},"id":"codeassists.highlight.throws"}}
{"recorder_version":"21","session":"a8020189cd38","build":"192.6603.28","bucket":"197","time":1573049167285,"group":{"id":"actions","version":"21"},"event":{"count":2,"data":{"context_menu":false,"last":1573049167530,"current_file":"JAVA","created":1573049167285,"plugin_type":"PLATFORM","project":"ce81861df292f5aef62deba0ef0a15a4be4c461022f064a7c9055ab182797247","place":"keyboard_shortcut","class":"com.intellij.openapi.editor.actions.MoveCaretRightAction","input_event":"Right"},"id":"EditorRight"}}
{"recorder_version":"21","session":"a8020189cd38","build":"192.6603.28","bucket":"197","time":1573049167590,"group":{"id":"productivity","version":"21"},"event":{"count":1,"data":{"created":1573049167590,"plugin_type":"PLATFORM"},"id":"codeassists.highlight.throws"}}
{"recorder_version":"21","session":"a8020189cd38","build":"192.6603.28","bucket":"197","time":1573049167916,"group":{"id":"actions","version":"21"},"event":{"count":1,"data":{"context_menu":false,"current_file":"JAVA","created":1573049167916,"plugin_type":"PLATFORM","project":"ce81861df292f5aef62deba0ef0a15a4be4c461022f064a7c9055ab182797247","place":"keyboard_shortcut","class":"com.intellij.openapi.editor.actions.MoveCaretRightAction","input_event":"Right"},"id":"EditorRight"}}
{"recorder_version":"21","session":"a8020189cd38","build":"192.6603.28","bucket":"197","time":1573049168222,"group":{"id":"productivity","version":"21"},"event":{"count":1,"data":{"created":1573049168222,"plugin_type":"PLATFORM"},"id":"codeassists.highlight.throws"}}
{"recorder_version":"21","session":"a8020189cd38","build":"192.6603.28","bucket":"197","time":1573049178984,"group":{"id":"actions","version":"21"},"event":{"count":2,"data":{"context_menu":false,"last":1573049179186,"current_file":"JAVA","created":1573049178984,"plugin_type":"PLATFORM","project":"ce81861df292f5aef62deba0ef0a15a4be4c461022f064a7c9055ab182797247","place":"keyboard_shortcut","class":"com.intellij.openapi.editor.actions.BackspaceAction","input_event":"Backspace"},"id":"EditorBackSpace"}}
{"recorder_version":"21","session":"a8020189cd38","build":"192.6603.28","bucket":"197","time":1573049182941,"group":{"id":"productivity","version":"21"},"event":{"count":1,"data":{"created":1573049182941,"plugin_type":"PLATFORM"},"id":"editing.completion.variable.name"}}
{"recorder_version":"21","session":"a8020189cd38","build":"192.6603.28","bucket":"197","time":1573049184284,"group":{"id":"actions","version":"21"},"event":{"count":2,"data":{"context_menu":false,"last":1573049184588,"current_file":"JAVA","created":1573049184284,"plugin_type":"PLATFORM","project":"ce81861df292f5aef62deba0ef0a15a4be4c461022f064a7c9055ab182797247","place":"keyboard_shortcut","class":"com.intellij.openapi.editor.actions.MoveCaretRightAction","input_event":"Right"},"id":"EditorRight"}}
{"recorder_version":"21","session":"a8020189cd38","build":"192.6603.28","bucket":"197","time":1573049185485,"group":{"id":"actions","version":"21"},"event":{"count":1,"data":{"context_menu":false,"current_file":"JAVA","created":1573049185485,"plugin_type":"PLATFORM","project":"ce81861df292f5aef62deba0ef0a15a4be4c461022f064a7c9055ab182797247","place":"keyboard_shortcut","class":"com.intellij.openapi.editor.actions.EnterAction","input_event":"Enter"},"id":"EditorEnter"}}
{"recorder_version":"21","session":"a8020189cd38","build":"192.6603.28","bucket":"197","time":1573049199542,"group":{"id":"file.types.usage","version":"21"},"event":{"count":1,"data":{"plugin":"com.intellij.java","created":1573049199542,"plugin_type":"JB_BUNDLED","project":"ce81861df292f5aef62deba0ef0a15a4be4c461022f064a7c9055ab182797247","type":"edit"},"id":"JAVA"}}
{"recorder_version":"21","session":"a8020189cd38","build":"192.6603.28","bucket":"197","time":1573049203790,"group":{"id":"actions","version":"21"},"event":{"count":1,"data":{"context_menu":false,"current_file":"JAVA","created":1573049203790,"plugin_type":"PLATFORM","project":"ce81861df292f5aef62deba0ef0a15a4be4c461022f064a7c9055ab182797247","place":"keyboard_shortcut","class":"com.intellij.codeInsight.lookup.impl.actions.ChooseItemAction$FocusedOnly","input_event":"Enter"},"id":"EditorChooseLookupItem"}}
{"recorder_version":"21","session":"a8020189cd38","build":"192.6603.28","bucket":"197","time":1573049203811,"group":{"id":"productivity","version":"21"},"event":{"count":1,"data":{"created":1573049203811,"plugin_type":"PLATFORM"},"id":"editing.completion.basic"}}
{"recorder_version":"21","session":"a8020189cd38","build":"192.6603.28","bucket":"197","time":1573049208253,"group":{"id":"actions","version":"21"},"event":{"count":1,"data":{"context_menu":true,"parent":"com.intellij.execution.lineMarker.LineMarkerActionWrapper","current_file":"JAVA","created":1573049208253,"plugin_type":"PLATFORM","project":"ce81861df292f5aef62deba0ef0a15a4be4c461022f064a7c9055ab182797247","place":"ICON_NAVIGATION_SECONDARY_BUTTON","class":"com.intellij.execution.lineMarker.ExecutorAction","input_event":"MouseLeft"},"id":"com.intellij.execution.lineMarker.ExecutorAction"}}
{"recorder_version":"21","session":"a8020189cd38","build":"192.6603.28","bucket":"197","time":1573049208317,"group":{"id":"run.configuration.exec","version":"21"},"event":{"count":1,"data":{"plugin":"com.intellij.java","executor":"Run","created":1573049208318,"plugin_type":"JB_BUNDLED","project":"ce81861df292f5aef62deba0ef0a15a4be4c461022f064a7c9055ab182797247"},"id":"Application"}}
{"recorder_version":"21","session":"a8020189cd38","build":"192.6603.28","bucket":"197","time":1573049210794,"group":{"id":"toolwindow","version":"21"},"event":{"count":1,"data":{"os":"Windows","created":1573049210794,"plugin_type":"PLATFORM"},"id":"Run"}}
{"recorder_version":"21","session":"a8020189cd38","build":"192.6603.28","bucket":"197","time":1573049226856,"group":{"id":"actions","version":"21"},"event":{"count":1,"data":{"context_menu":false,"current_file":"JAVA","created":1573049226856,"plugin_type":"PLATFORM","project":"ce81861df292f5aef62deba0ef0a15a4be4c461022f064a7c9055ab182797247","place":"keyboard_shortcut","class":"com.intellij.openapi.editor.actions.EnterAction","input_event":"Enter"},"id":"EditorEnter"}}
{"recorder_version":"21","session":"a8020189cd38","build":"192.6603.28","bucket":"197","time":1573049228793,"group":{"id":"performance","version":"21"},"event":{"count":1,"data":{"duration_ms":2,"created":1573049228793},"id":"ui.latency"}}
{"recorder_version":"21","session":"a8020189cd38","build":"192.6603.28","bucket":"197","time":1573049327379,"group":{"id":"build.tools.actions","version":"1"},"event":{"count":1,"data":{"created":1573049327379},"id":"registered"}}
{"recorder_version":"21","session":"a8020189cd38","build":"192.6603.28","bucket":"197","time":1573049327379,"group":{"id":"file.types.usage","version":"21"},"event":{"count":1,"data":{"created":1573049327380},"id":"registered"}}
{"recorder_version":"21","session":"a8020189cd38","build":"192.6603.28","bucket":"197","time":1573049327379,"group":{"id":"ide.script.engine","version":"1"},"event":{"count":1,"data":{"created":1573049327380},"id":"registered"}}
{"recorder_version":"21","session":"a8020189cd38","build":"192.6603.28","bucket":"197","time":1573049327379,"group":{"id":"actions.runAnything","version":"1"},"event":{"count":1,"data":{"created":1573049327380},"id":"registered"}}
{"recorder_version":"21","session":"a8020189cd38","build":"192.6603.28","bucket":"197","time":1573049327379,"group":{"id":"toolwindow","version":"21"},"event":{"count":1,"data":{"created":1573049327381},"id":"registered"}}
{"recorder_version":"21","session":"a8020189cd38","build":"192.6603.28","bucket":"197","time":1573049327379,"group":{"id":"kotlin.ide.newFileTempl","version":"1"},"event":{"count":1,"data":{"created":1573049327381},"id":"registered"}}
{"recorder_version":"21","session":"a8020189cd38","build":"192.6603.28","bucket":"197","time":1573049327379,"group":{"id":"live.templates","version":"21"},"event":{"count":1,"data":{"created":1573049327381},"id":"registered"}}
{"recorder_version":"21","session":"a8020189cd38","build":"192.6603.28","bucket":"197","time":1573049327379,"group":{"id":"ide.self.update","version":"2"},"event":{"count":1,"data":{"created":1573049327381},"id":"registered"}}
{"recorder_version":"21","session":"a8020189cd38","build":"192.6603.28","bucket":"197","time":1573049327379,"group":{"id":"ui.settings","version":"21"},"event":{"count":1,"data":{"created":1573049327382},"id":"registered"}}
{"recorder_version":"21","session":"a8020189cd38","build":"192.6603.28","bucket":"197","time":1573049327379,"group":{"id":"lifecycle","version":"21"},"event":{"count":1,"data":{"created":1573049327382},"id":"registered"}}
{"recorder_version":"21","session":"a8020189cd38","build":"192.6603.28","bucket":"197","time":1573049327379,"group":{"id":"vcs.diff.trigger","version":"1"},"event":{"count":1,"data":{"created":1573049327382},"id":"registered"}}
{"recorder_version":"21","session":"a8020189cd38","build":"192.6603.28","bucket":"197","time":1573049327379,"group":{"id":"vcs.log.trigger","version":"2"},"event":{"count":1,"data":{"created":1573049327383},"id":"registered"}}
{"recorder_version":"21","session":"a8020189cd38","build":"192.6603.28","bucket":"197","time":1573049327379,"group":{"id":"productivity","version":"21"},"event":{"count":1,"data":{"created":1573049327383},"id":"registered"}}
{"recorder_version":"21","session":"a8020189cd38","build":"192.6603.28","bucket":"197","time":1573049327379,"group":{"id":"debugger.breakpoints.usage","version":"2"},"event":{"count":1,"data":{"created":1573049327383},"id":"registered"}}
{"recorder_version":"21","session":"a8020189cd38","build":"192.6603.28","bucket":"197","time":1573049327379,"group":{"id":"kotlin.gradle.library","version":"1"},"event":{"count":1,"data":{"created":1573049327384},"id":"registered"}}
{"recorder_version":"21","session":"a8020189cd38","build":"192.6603.28","bucket":"197","time":1573049327379,"group":{"id":"find","version":"1"},"event":{"count":1,"data":{"created":1573049327384},"id":"registered"}}
{"recorder_version":"21","session":"a8020189cd38","build":"192.6603.28","bucket":"197","time":1573049327379,"group":{"id":"kotlin.gradle.target","version":"1"},"event":{"count":1,"data":{"created":1573049327384},"id":"registered"}}
{"recorder_version":"21","session":"a8020189cd38","build":"192.6603.28","bucket":"197","time":1573049327379,"group":{"id":"gutter.icon.click","version":"1"},"event":{"count":1,"data":{"created":1573049327385},"id":"registered"}}
{"recorder_version":"21","session":"a8020189cd38","build":"192.6603.28","bucket":"197","time":1573049327379,"group":{"id":"shell.script","version":"1"},"event":{"count":1,"data":{"created":1573049327385},"id":"registered"}}
{"recorder_version":"21","session":"a8020189cd38","build":"192.6603.28","bucket":"197","time":1573049327379,"group":{"id":"kotlin.ide.debugger.eval","version":"1"},"event":{"count":1,"data":{"created":1573049327385},"id":"registered"}}
{"recorder_version":"21","session":"a8020189cd38","build":"192.6603.28","bucket":"197","time":1573049327379,"group":{"id":"build.maven.actions","version":"1"},"event":{"count":1,"data":{"created":1573049327386},"id":"registered"}}
{"recorder_version":"21","session":"a8020189cd38","build":"192.6603.28","bucket":"197","time":1573049327379,"group":{"id":"ui.event","version":"1"},"event":{"count":1,"data":{"created":1573049327386},"id":"registered"}}
{"recorder_version":"21","session":"a8020189cd38","build":"192.6603.28","bucket":"197","time":1573049327379,"group":{"id":"new.project.wizard","version":"1"},"event":{"count":1,"data":{"created":1573049327386},"id":"registered"}}
{"recorder_version":"21","session":"a8020189cd38","build":"192.6603.28","bucket":"197","time":1573049327379,"group":{"id":"kotlin.ide.npwizards","version":"1"},"event":{"count":1,"data":{"created":1573049327387},"id":"registered"}}
{"recorder_version":"21","session":"a8020189cd38","build":"192.6603.28","bucket":"197","time":1573049327379,"group":{"id":"intentions","version":"21"},"event":{"count":1,"data":{"created":1573049327387},"id":"registered"}}
{"recorder_version":"21","session":"a8020189cd38","build":"192.6603.28","bucket":"197","time":1573049327379,"group":{"id":"ui.dialogs","version":"21"},"event":{"count":1,"data":{"created":1573049327387},"id":"registered"}}
{"recorder_version":"21","session":"a8020189cd38","build":"192.6603.28","bucket":"197","time":1573049327379,"group":{"id":"vcs.back.forward.trigger","version":"1"},"event":{"count":1,"data":{"created":1573049327388},"id":"registered"}}
{"recorder_version":"21","session":"a8020189cd38","build":"192.6603.28","bucket":"197","time":1573049327379,"group":{"id":"vcs.change.reminder","version":"1"},"event":{"count":1,"data":{"created":1573049327388},"id":"registered"}}
{"recorder_version":"21","session":"a8020189cd38","build":"192.6603.28","bucket":"197","time":1573049327379,"group":{"id":"toolbar","version":"21"},"event":{"count":1,"data":{"created":1573049327388},"id":"registered"}}
{"recorder_version":"21","session":"a8020189cd38","build":"192.6603.28","bucket":"197","time":1573049327379,"group":{"id":"build.gradle.actions","version":"1"},"event":{"count":1,"data":{"created":1573049327389},"id":"registered"}}
{"recorder_version":"21","session":"a8020189cd38","build":"192.6603.28","bucket":"197","time":1573049327379,"group":{"id":"kotlin.maven.target","version":"1"},"event":{"count":1,"data":{"created":1573049327389},"id":"registered"}}
{"recorder_version":"21","session":"a8020189cd38","build":"192.6603.28","bucket":"197","time":1573049327379,"group":{"id":"performance","version":"21"},"event":{"count":1,"data":{"created":1573049327389},"id":"registered"}}
{"recorder_version":"21","session":"a8020189cd38","build":"192.6603.28","bucket":"197","time":1573049327379,"group":{"id":"searchEverywhere","version":"1"},"event":{"count":1,"data":{"created":1573049327390},"id":"registered"}}
{"recorder_version":"21","session":"a8020189cd38","build":"192.6603.28","bucket":"197","time":1573049327379,"group":{"id":"kotlin.ide.action.refactoring","version":"1"},"event":{"count":1,"data":{"created":1573049327390},"id":"registered"}}
{"recorder_version":"21","session":"a8020189cd38","build":"192.6603.28","bucket":"197","time":1573049327379,"group":{"id":"ui.tips","version":"2"},"event":{"count":1,"data":{"created":1573049327390},"id":"registered"}}
{"recorder_version":"21","session":"a8020189cd38","build":"192.6603.28","bucket":"197","time":1573049327379,"group":{"id":"surround.with","version":"1"},"event":{"count":1,"data":{"created":1573049327390},"id":"registered"}}
{"recorder_version":"21","session":"a8020189cd38","build":"192.6603.28","bucket":"197","time":1573049327379,"group":{"id":"import.old.config","version":"1"},"event":{"count":1,"data":{"created":1573049327391},"id":"registered"}}
{"recorder_version":"21","session":"a8020189cd38","build":"192.6603.28","bucket":"197","time":1573049327379,"group":{"id":"json.schema","version":"1"},"event":{"count":1,"data":{"created":1573049327391},"id":"registered"}}
{"recorder_version":"21","session":"a8020189cd38","build":"192.6603.28","bucket":"197","time":1573049327379,"group":{"id":"kotlin.jps.target","version":"1"},"event":{"count":1,"data":{"created":1573049327391},"id":"registered"}}
{"recorder_version":"21","session":"a8020189cd38","build":"192.6603.28","bucket":"197","time":1573049327379,"group":{"id":"terminalShell","version":"1"},"event":{"count":1,"data":{"created":1573049327391},"id":"registered"}}
{"recorder_version":"21","session":"a8020189cd38","build":"192.6603.28","bucket":"197","time":1573049327379,"group":{"id":"completion.postfix","version":"21"},"event":{"count":1,"data":{"created":1573049327392},"id":"registered"}}
{"recorder_version":"21","session":"a8020189cd38","build":"192.6603.28","bucket":"197","time":1573049327379,"group":{"id":"build.ant.actions","version":"1"},"event":{"count":1,"data":{"created":1573049327392},"id":"registered"}}
{"recorder_version":"21","session":"a8020189cd38","build":"192.6603.28","bucket":"197","time":1573049327379,"group":{"id":"actions","version":"21"},"event":{"count":1,"data":{"created":1573049327392},"id":"registered"}}
{"recorder_version":"21","session":"a8020189cd38","build":"192.6603.28","bucket":"197","time":1573049327379,"group":{"id":"event.log","version":"21"},"event":{"count":1,"data":{"created":1573049327392},"id":"registered"}}
{"recorder_version":"21","session":"a8020189cd38","build":"192.6603.28","bucket":"197","time":1573049327379,"group":{"id":"run.configuration.exec","version":"21"},"event":{"count":1,"data":{"created":1573049327392},"id":"registered"}}
{"recorder_version":"21","session":"a8020189cd38","build":"192.6603.28","bucket":"197","time":1573049327379,"group":{"id":"build.maven.packagesearch","version":"2"},"event":{"count":1,"data":{"created":1573049327392},"id":"registered"}}
{"recorder_version":"21","session":"a8020189cd38","build":"192.6603.28","bucket":"197","time":1573049328890,"group":{"id":"performance","version":"21"},"event":{"count":1,"data":{"duration_ms":0,"created":1573049328890},"id":"ui.latency"}}
{"recorder_version":"21","session":"a8020189cd38","build":"192.6603.28","bucket":"197","time":1573049367599,"group":{"id":"actions","version":"21"},"event":{"count":1,"data":{"context_menu":true,"parent":"com.intellij.execution.lineMarker.LineMarkerActionWrapper","current_file":"JAVA","created":1573049367599,"plugin_type":"PLATFORM","project":"ce81861df292f5aef62deba0ef0a15a4be4c461022f064a7c9055ab182797247","place":"ICON_NAVIGATION_SECONDARY_BUTTON","class":"com.intellij.execution.lineMarker.ExecutorAction","input_event":"MouseLeft"},"id":"com.intellij.execution.lineMarker.ExecutorAction"}}
{"recorder_version":"21","session":"a8020189cd38","build":"192.6603.28","bucket":"197","time":1573049367655,"group":{"id":"run.configuration.exec","version":"21"},"event":{"count":1,"data":{"plugin":"com.intellij.java","executor":"Run","created":1573049367655,"plugin_type":"JB_BUNDLED","project":"ce81861df292f5aef62deba0ef0a15a4be4c461022f064a7c9055ab182797247"},"id":"Application"}}
{"recorder_version":"21","session":"a8020189cd38","build":"192.6603.28","bucket":"197","time":1573049370037,"group":{"id":"toolwindow","version":"21"},"event":{"count":1,"data":{"os":"Windows","created":1573049370037,"plugin_type":"PLATFORM"},"id":"Run"}}
{"recorder_version":"21","session":"a8020189cd38","build":"192.6603.28","bucket":"197","time":1573049428993,"group":{"id":"performance","version":"21"},"event":{"count":1,"data":{"duration_ms":0,"created":1573049428993},"id":"ui.latency"}}
{"recorder_version":"21","session":"a8020189cd38","build":"192.6603.28","bucket":"197","time":1573049447340,"group":{"id":"toolwindow","version":"21"},"event":{"count":1,"data":{"os":"Windows","created":1573049447340,"plugin_type":"PLATFORM"},"id":"Project"}}
{"recorder_version":"21","session":"a8020189cd38","build":"192.6603.28","bucket":"197","time":1573049461149,"group":{"id":"performance","version":"21"},"event":{"count":1,"data":{"duration_ms":121,"created":1573049461149},"id":"ui.lagging"}}
{"recorder_version":"21","session":"a8020189cd38","build":"192.6603.28","bucket":"197","time":1573049465214,"group":{"id":"actions","version":"21"},"event":{"count":1,"data":{"context_menu":true,"created":1573049465214,"plugin_type":"PLATFORM","project":"ce81861df292f5aef62deba0ef0a15a4be4c461022f064a7c9055ab182797247","place":"ProjectViewPopup","class":"com.intellij.ide.actions.RevealFileAction","input_event":"MouseLeft"},"id":"RevealIn"}}
{"recorder_version":"21","session":"a8020189cd38","build":"192.6603.28","bucket":"197","time":1573049469077,"group":{"id":"lifecycle","version":"21"},"event":{"count":1,"data":{"created":1573049469078,"project":"ce81861df292f5aef62deba0ef0a15a4be4c461022f064a7c9055ab182797247"},"id":"frame.deactivated"}}
{"recorder_version":"21","session":"a8020189cd38","build":"192.6603.28","bucket":"197","time":1573049471329,"group":{"id":"lifecycle","version":"21"},"event":{"count":1,"data":{"created":1573049471329,"project":"ce81861df292f5aef62deba0ef0a15a4be4c461022f064a7c9055ab182797247"},"id":"frame.activated"}}
{"recorder_version":"21","session":"a8020189cd38","build":"192.6603.28","bucket":"197","time":1573049471612,"group":{"id":"lifecycle","version":"21"},"event":{"count":1,"data":{"created":1573049471612,"project":"ce81861df292f5aef62deba0ef0a15a4be4c461022f064a7c9055ab182797247"},"id":"frame.deactivated"}}
{"recorder_version":"21","session":"a8020189cd38","build":"192.6603.28","bucket":"197","time":1573049482126,"group":{"id":"lifecycle","version":"21"},"event":{"count":1,"data":{"created":1573049482126,"project":"ce81861df292f5aef62deba0ef0a15a4be4c461022f064a7c9055ab182797247"},"id":"frame.activated"}}
{"recorder_version":"21","session":"a8020189cd38","build":"192.6603.28","bucket":"197","time":1573049491712,"group":{"id":"actions","version":"21"},"event":{"count":1,"data":{"context_menu":true,"plugin":"org.jetbrains.plugins.github","created":1573049491713,"plugin_type":"JB_BUNDLED","project":"ce81861df292f5aef62deba0ef0a15a4be4c461022f064a7c9055ab182797247","place":"MainMenu","class":"org.jetbrains.plugins.github.GithubShareAction","input_event":"MouseLeft"},"id":"Github.Share"}}
{"recorder_version":"21","session":"a8020189cd38","build":"192.6603.28","bucket":"197","time":1573049492117,"group":{"id":"ui.dialogs","version":"21"},"event":{"count":1,"data":{"plugin":"org.jetbrains.plugins.github","created":1573049492117,"plugin_type":"JB_BUNDLED","type":"show"},"id":"org.jetbrains.plugins.github.ui.GithubShareDialog"}}
{"recorder_version":"21","session":"a8020189cd38","build":"192.6603.28","bucket":"197","time":1573049492215,"group":{"id":"performance","version":"21"},"event":{"count":1,"data":{"duration_ms":160,"created":1573049492215},"id":"ui.lagging"}}
{"recorder_version":"21","session":"a8020189cd38","build":"192.6603.28","bucket":"197","time":1573049492595,"group":{"id":"ui.dialogs","version":"21"},"event":{"count":1,"data":{"created":1573049492595,"plugin_type":"PLATFORM","type":"show"},"id":"com.intellij.openapi.progress.util.ProgressDialog$MyDialogWrapper"}}
{"recorder_version":"21","session":"a8020189cd38","build":"192.6603.28","bucket":"197","time":1573049495608,"group":{"id":"ui.dialogs","version":"21"},"event":{"count":1,"data":{"code":1,"created":1573049495608,"plugin_type":"PLATFORM","type":"close"},"id":"com.intellij.openapi.progress.util.ProgressDialog$MyDialogWrapper"}}
{"recorder_version":"21","session":"a8020189cd38","build":"192.6603.28","bucket":"197","time":1573049499463,"group":{"id":"ui.dialogs","version":"21"},"event":{"count":1,"data":{"code":0,"plugin":"org.jetbrains.plugins.github","created":1573049499464,"plugin_type":"JB_BUNDLED","type":"close"},"id":"org.jetbrains.plugins.github.ui.GithubShareDialog"}}
{"recorder_version":"21","session":"a8020189cd38","build":"192.6603.28","bucket":"197","time":1573049505187,"group":{"id":"performance","version":"21"},"event":{"count":1,"data":{"duration_ms":119,"created":1573049505187},"id":"ui.lagging"}}
{"recorder_version":"21","session":"a8020189cd38","build":"192.6603.28","bucket":"197","time":1573049507907,"group":{"id":"ui.dialogs","version":"21"},"event":{"count":1,"data":{"plugin":"org.jetbrains.plugins.github","created":1573049507908,"plugin_type":"JB_BUNDLED","type":"show"},"id":"org.jetbrains.plugins.github.GithubShareAction$GithubUntrackedFilesDialog"}}
{"recorder_version":"21","session":"a8020189cd38","build":"192.6603.28","bucket":"197","time":1573049508021,"group":{"id":"vcs.change.reminder","version":"1"},"event":{"count":3,"data":{"last":1573049508699,"created":1573049508021,"project":"ce81861df292f5aef62deba0ef0a15a4be4c461022f064a7c9055ab182797247","execution_time":0},"id":"prediction.calculated"}}
{"recorder_version":"21","session":"a8020189cd38","build":"192.6603.28","bucket":"197","time":1573049511445,"group":{"id":"ui.dialogs","version":"21"},"event":{"count":1,"data":{"code":0,"plugin":"org.jetbrains.plugins.github","created":1573049511446,"plugin_type":"JB_BUNDLED","type":"close"},"id":"org.jetbrains.plugins.github.GithubShareAction$GithubUntrackedFilesDialog"}}
{"recorder_version":"21","session":"a8020189cd38","build":"192.6603.28","bucket":"197","time":1573049511482,"group":{"id":"vcs.change.reminder","version":"1"},"event":{"count":4,"data":{"last":1573049511496,"created":1573049511482,"project":"ce81861df292f5aef62deba0ef0a15a4be4c461022f064a7c9055ab182797247","execution_time":0},"id":"prediction.calculated"}}
{"recorder_version":"21","session":"a8020189cd38","build":"192.6603.28","bucket":"197","time":1573049511542,"group":{"id":"ui.dialogs","version":"21"},"event":{"count":1,"data":{"created":1573049511542,"plugin_type":"PLATFORM","type":"show"},"id":"com.intellij.util.ui.ConfirmationDialog"}}
{"recorder_version":"21","session":"a8020189cd38","build":"192.6603.28","bucket":"197","time":1573049513566,"group":{"id":"ui.dialogs","version":"21"},"event":{"count":1,"data":{"code":0,"created":1573049513566,"plugin_type":"PLATFORM","type":"close"},"id":"com.intellij.util.ui.ConfirmationDialog"}}
{"recorder_version":"21","session":"a8020189cd38","build":"192.6603.28","bucket":"197","time":1573049524557,"group":{"id":"lifecycle","version":"21"},"event":{"count":1,"data":{"created":1573049524557,"project":"ce81861df292f5aef62deba0ef0a15a4be4c461022f064a7c9055ab182797247"},"id":"frame.deactivated"}}
{"recorder_version":"21","session":"a8020189cd38","build":"192.6603.28","bucket":"197","time":1573049527800,"group":{"id":"vcs.change.reminder","version":"1"},"event":{"count":2,"data":{"last":1573049527800,"created":1573049527800,"project":"ce81861df292f5aef62deba0ef0a15a4be4c461022f064a7c9055ab182797247","execution_time":0},"id":"prediction.calculated"}}
{"recorder_version":"21","session":"a8020189cd38","build":"192.6603.28","bucket":"197","time":1573049529092,"group":{"id":"performance","version":"21"},"event":{"count":1,"data":{"duration_ms":0,"created":1573049529092},"id":"ui.latency"}}
{"recorder_version":"21","session":"a8020189cd38","build":"192.6603.28","bucket":"197","time":1573049529510,"group":{"id":"vcs.change.reminder","version":"1"},"event":{"count":6,"data":{"last":1573049531882,"created":1573049529511,"project":"ce81861df292f5aef62deba0ef0a15a4be4c461022f064a7c9055ab182797247","execution_time":0},"id":"prediction.calculated"}}
{"recorder_version":"21","session":"a8020189cd38","build":"192.6603.28","bucket":"197","time":1573049629205,"group":{"id":"performance","version":"21"},"event":{"count":1,"data":{"duration_ms":0,"created":1573049629205},"id":"ui.latency"}}
{"recorder_version":"21","session":"a8020189cd38","build":"192.6603.28","bucket":"197","time":1573049729302,"group":{"id":"performance","version":"21"},"event":{"count":1,"data":{"duration_ms":0,"created":1573049729302},"id":"ui.latency"}}
{"recorder_version":"21","session":"a8020189cd38","build":"192.6603.28","bucket":"197","time":1573049829393,"group":{"id":"performance","version":"21"},"event":{"count":1,"data":{"duration_ms":0,"created":1573049829393},"id":"ui.latency"}}
{"recorder_version":"21","session":"a8020189cd38","build":"192.6603.28","bucket":"197","time":1573049927354,"group":{"id":"user.advanced.info","version":"2"},"event":{"state":true,"data":{"created":1573049927354,"value":"release"},"id":"build"}}
{"recorder_version":"21","session":"a8020189cd38","build":"192.6603.28","bucket":"197","time":1573049927354,"group":{"id":"user.advanced.info","version":"2"},"event":{"state":true,"data":{"created":1573049927355},"id":"release"}}
{"recorder_version":"21","session":"a8020189cd38","build":"192.6603.28","bucket":"197","time":1573049927354,"group":{"id":"user.advanced.info","version":"2"},"event":{"state":true,"data":{"created":1573049927355},"id":"invoked"}}
{"recorder_version":"21","session":"a8020189cd38","build":"192.6603.28","bucket":"197","time":1573049927381,"group":{"id":"editor.settings.ide","version":"2"},"event":{"state":true,"data":{"created":1573049927382},"id":"invoked"}}
{"recorder_version":"21","session":"a8020189cd38","build":"192.6603.28","bucket":"197","time":1573049927384,"group":{"id":"ui.fonts","version":"1"},"event":{"state":true,"data":{"os":"Windows","created":1573049927385},"id":"UI.font.name[Microsoft_YaHei_UI]"}}
{"recorder_version":"21","session":"a8020189cd38","build":"192.6603.28","bucket":"197","time":1573049927384,"group":{"id":"ui.fonts","version":"1"},"event":{"state":true,"data":{"os":"Windows","created":1573049927385},"id":"IDE.editor.font.size[13]"}}
{"recorder_version":"21","session":"a8020189cd38","build":"192.6603.28","bucket":"197","time":1573049927384,"group":{"id":"ui.fonts","version":"1"},"event":{"state":true,"data":{"os":"Windows","created":1573049927386},"id":"IDE.editor.font.name[Consolas]"}}
{"recorder_version":"21","session":"a8020189cd38","build":"192.6603.28","bucket":"197","time":1573049927384,"group":{"id":"ui.fonts","version":"1"},"event":{"state":true,"data":{"os":"Windows","created":1573049927386,"value":1.2},"id":"editor.lineSpacing"}}
{"recorder_version":"21","session":"a8020189cd38","build":"192.6603.28","bucket":"197","time":1573049927384,"group":{"id":"ui.fonts","version":"1"},"event":{"state":true,"data":{"os":"Windows","created":1573049927386},"id":"UI.font.size[12]"}}
{"recorder_version":"21","session":"a8020189cd38","build":"192.6603.28","bucket":"197","time":1573049927384,"group":{"id":"ui.fonts","version":"1"},"event":{"state":true,"data":{"os":"Windows","created":1573049927387},"id":"Presentation.mode.font.size[24]"}}
{"recorder_version":"21","session":"a8020189cd38","build":"192.6603.28","bucket":"197","time":1573049927384,"group":{"id":"ui.fonts","version":"1"},"event":{"state":true,"data":{"created":1573049927387},"id":"invoked"}}
{"recorder_version":"21","session":"a8020189cd38","build":"192.6603.28","bucket":"197","time":1573049927385,"group":{"id":"system.runtime","version":"2"},"event":{"state":true,"data":{"created":1573049927387,"name":"ReservedCodeCacheSize","value":240},"id":"jvm.option"}}
{"recorder_version":"21","session":"a8020189cd38","build":"192.6603.28","bucket":"197","time":1573049927385,"group":{"id":"system.runtime","version":"2"},"event":{"state":true,"data":{"vendor":"JetBrains","created":1573049927387,"bit":"64","version":"1.11"},"id":"jvm"}}
{"recorder_version":"21","session":"a8020189cd38","build":"192.6603.28","bucket":"197","time":1573049927385,"group":{"id":"system.runtime","version":"2"},"event":{"state":true,"data":{"created":1573049927388,"name":"ParNew"},"id":"garbage.collector"}}
{"recorder_version":"21","session":"a8020189cd38","build":"192.6603.28","bucket":"197","time":1573049927385,"group":{"id":"system.runtime","version":"2"},"event":{"state":true,"data":{"created":1573049927388,"value":12},"id":"cores"}}
{"recorder_version":"21","session":"a8020189cd38","build":"192.6603.28","bucket":"197","time":1573049927385,"group":{"id":"system.runtime","version":"2"},"event":{"state":true,"data":{"created":1573049927388,"name":"SoftRefLRUPolicyMSPerMB","value":50},"id":"jvm.option"}}
{"recorder_version":"21","session":"a8020189cd38","build":"192.6603.28","bucket":"197","time":1573049927385,"group":{"id":"system.runtime","version":"2"},"event":{"state":true,"data":{"created":1573049927388,"name":"ConcurrentMarkSweep"},"id":"garbage.collector"}}
{"recorder_version":"21","session":"a8020189cd38","build":"192.6603.28","bucket":"197","time":1573049927385,"group":{"id":"system.runtime","version":"2"},"event":{"state":true,"data":{"created":1573049927388,"name":"Xmx","value":750},"id":"jvm.option"}}
{"recorder_version":"21","session":"a8020189cd38","build":"192.6603.28","bucket":"197","time":1573049927385,"group":{"id":"system.runtime","version":"2"},"event":{"state":true,"data":{"created":1573049927388,"name":"Xms","value":128},"id":"jvm.option"}}
{"recorder_version":"21","session":"a8020189cd38","build":"192.6603.28","bucket":"197","time":1573049927385,"group":{"id":"system.runtime","version":"2"},"event":{"state":true,"data":{"created":1573049927389},"id":"invoked"}}
{"recorder_version":"21","session":"a8020189cd38","build":"192.6603.28","bucket":"197","time":1573049927386,"group":{"id":"ui.accessibility.screen.reader","version":"1"},"event":{"state":true,"data":{"os":"Windows","created":1573049927389},"id":"screen.reader.DISABLED"}}
{"recorder_version":"21","session":"a8020189cd38","build":"192.6603.28","bucket":"197","time":1573049927386,"group":{"id":"ui.accessibility.screen.reader","version":"1"},"event":{"state":true,"data":{"created":1573049927389},"id":"invoked"}}
{"recorder_version":"21","session":"a8020189cd38","build":"192.6603.28","bucket":"197","time":1573049927386,"group":{"id":"ui.look.and.feel","version":"1"},"event":{"state":true,"data":{"os":"Windows","created":1573049927389},"id":"Darcula"}}
{"recorder_version":"21","session":"a8020189cd38","build":"192.6603.28","bucket":"197","time":1573049927386,"group":{"id":"ui.look.and.feel","version":"1"},"event":{"state":true,"data":{"created":1573049927389},"id":"invoked"}}
{"recorder_version":"21","session":"a8020189cd38","build":"192.6603.28","bucket":"197","time":1573049927386,"group":{"id":"ui.hidpi.mode","version":"1"},"event":{"state":true,"data":{"os":"Windows","created":1573049927389},"id":"per_monitor_dpi"}}
{"recorder_version":"21","session":"a8020189cd38","build":"192.6603.28","bucket":"197","time":1573049927386,"group":{"id":"ui.hidpi.mode","version":"1"},"event":{"state":true,"data":{"created":1573049927389},"id":"invoked"}}
{"recorder_version":"21","session":"a8020189cd38","build":"192.6603.28","bucket":"197","time":1573049927401,"group":{"id":"vcs.diff","version":"2"},"event":{"state":true,"data":{"created":1573049927401},"id":"invoked"}}
{"recorder_version":"21","session":"a8020189cd38","build":"192.6603.28","bucket":"197","time":1573049927401,"group":{"id":"keymaps.name","version":"1"},"event":{"state":true,"data":{"os":"Windows","created":1573049927402},"id":"$default"}}
{"recorder_version":"21","session":"a8020189cd38","build":"192.6603.28","bucket":"197","time":1573049927401,"group":{"id":"keymaps.name","version":"1"},"event":{"state":true,"data":{"created":1573049927402},"id":"invoked"}}
{"recorder_version":"21","session":"a8020189cd38","build":"192.6603.28","bucket":"197","time":1573049927406,"group":{"id":"platform.registry.application","version":"1"},"event":{"state":true,"data":{"created":1573049927406,"plugin_type":"PLATFORM"},"id":"recent.and.edited.files.together"}}
{"recorder_version":"21","session":"a8020189cd38","build":"192.6603.28","bucket":"197","time":1573049927406,"group":{"id":"platform.registry.application","version":"1"},"event":{"state":true,"data":{"created":1573049927407,"plugin_type":"PLATFORM"},"id":"inline.browse.button"}}
{"recorder_version":"21","session":"a8020189cd38","build":"192.6603.28","bucket":"197","time":1573049927406,"group":{"id":"platform.registry.application","version":"1"},"event":{"state":true,"data":{"created":1573049927407,"plugin_type":"PLATFORM"},"id":"show.create.new.element.in.popup"}}
{"recorder_version":"21","session":"a8020189cd38","build":"192.6603.28","bucket":"197","time":1573049927406,"group":{"id":"platform.registry.application","version":"1"},"event":{"state":true,"data":{"created":1573049927407,"plugin_type":"PLATFORM"},"id":"property.value.inplace.editing"}}
{"recorder_version":"21","session":"a8020189cd38","build":"192.6603.28","bucket":"197","time":1573049927406,"group":{"id":"platform.registry.application","version":"1"},"event":{"state":true,"data":{"created":1573049927407,"plugin_type":"PLATFORM"},"id":"linux.native.menu"}}
{"recorder_version":"21","session":"a8020189cd38","build":"192.6603.28","bucket":"197","time":1573049927406,"group":{"id":"platform.registry.application","version":"1"},"event":{"state":true,"data":{"created":1573049927407,"plugin_type":"PLATFORM"},"id":"new.large.text.file.viewer"}}
{"recorder_version":"21","session":"a8020189cd38","build":"192.6603.28","bucket":"197","time":1573049927406,"group":{"id":"platform.registry.application","version":"1"},"event":{"state":true,"data":{"created":1573049927408},"id":"invoked"}}
{"recorder_version":"21","session":"a8020189cd38","build":"192.6603.28","bucket":"197","time":1573049927407,"group":{"id":"ui.info.features","version":"2"},"event":{"state":true,"data":{"os":"Windows","created":1573049927408},"id":"Allow.merging.buttons.enabled"}}
{"recorder_version":"21","session":"a8020189cd38","build":"192.6603.28","bucket":"197","time":1573049927407,"group":{"id":"ui.info.features","version":"2"},"event":{"state":true,"data":{"os":"Windows","created":1573049927408},"id":"QuickDoc.AutoUpdate"}}
{"recorder_version":"21","session":"a8020189cd38","build":"192.6603.28","bucket":"197","time":1573049927407,"group":{"id":"ui.info.features","version":"2"},"event":{"state":true,"data":{"os":"Windows","created":1573049927408},"id":"validation.unmatched_rule"}}
{"recorder_version":"21","session":"a8020189cd38","build":"192.6603.28","bucket":"197","time":1573049927407,"group":{"id":"ui.info.features","version":"2"},"event":{"state":true,"data":{"grouped":"[30_50]","os":"Windows","created":1573049927408},"id":"recent.files"}}
{"recorder_version":"21","session":"a8020189cd38","build":"192.6603.28","bucket":"197","time":1573049927407,"group":{"id":"ui.info.features","version":"2"},"event":{"state":true,"data":{"os":"Windows","created":1573049927409},"id":"Line.Numbers"}}
{"recorder_version":"21","session":"a8020189cd38","build":"192.6603.28","bucket":"197","time":1573049927407,"group":{"id":"ui.info.features","version":"2"},"event":{"state":true,"data":{"os":"Windows","created":1573049927409},"id":"Tabs.Top"}}
{"recorder_version":"21","session":"a8020189cd38","build":"192.6603.28","bucket":"197","time":1573049927407,"group":{"id":"ui.info.features","version":"2"},"event":{"state":true,"data":{"os":"Windows","created":1573049927409},"id":"Nav.Bar.visible"}}
{"recorder_version":"21","session":"a8020189cd38","build":"192.6603.28","bucket":"197","time":1573049927407,"group":{"id":"ui.info.features","version":"2"},"event":{"state":true,"data":{"os":"Windows","created":1573049927409},"id":"validation.unmatched_rule"}}
{"recorder_version":"21","session":"a8020189cd38","build":"192.6603.28","bucket":"197","time":1573049927407,"group":{"id":"ui.info.features","version":"2"},"event":{"state":true,"data":{"os":"Windows","created":1573049927409},"id":"Recent.Files[30_50]"}}
{"recorder_version":"21","session":"a8020189cd38","build":"192.6603.28","bucket":"197","time":1573049927407,"group":{"id":"ui.info.features","version":"2"},"event":{"state":true,"data":{"os":"Windows","created":1573049927410},"id":"Status.bar.visible"}}
{"recorder_version":"21","session":"a8020189cd38","build":"192.6603.28","bucket":"197","time":1573049927407,"group":{"id":"ui.info.features","version":"2"},"event":{"state":true,"data":{"os":"Windows","created":1573049927410},"id":"Tool.Window.buttons.hidden"}}
{"recorder_version":"21","session":"a8020189cd38","build":"192.6603.28","bucket":"197","time":1573049927407,"group":{"id":"ui.info.features","version":"2"},"event":{"state":true,"data":{"os":"Windows","created":1573049927410},"id":"Gutter.Icons"}}
{"recorder_version":"21","session":"a8020189cd38","build":"192.6603.28","bucket":"197","time":1573049927407,"group":{"id":"ui.info.features","version":"2"},"event":{"state":true,"data":{"os":"Windows","created":1573049927411},"id":"Show.tips.on.startup"}}
{"recorder_version":"21","session":"a8020189cd38","build":"192.6603.28","bucket":"197","time":1573049927407,"group":{"id":"ui.info.features","version":"2"},"event":{"state":true,"data":{"os":"Windows","created":1573049927411},"id":"Toolbar.hidden"}}
{"recorder_version":"21","session":"a8020189cd38","build":"192.6603.28","bucket":"197","time":1573049927407,"group":{"id":"ui.info.features","version":"2"},"event":{"state":true,"data":{"os":"Windows","created":1573049927411},"id":"Toolbar.and.NavBar"}}
{"recorder_version":"21","session":"a8020189cd38","build":"192.6603.28","bucket":"197","time":1573049927407,"group":{"id":"ui.info.features","version":"2"},"event":{"state":true,"data":{"created":1573049927411},"id":"invoked"}}
{"recorder_version":"21","session":"a8020189cd38","build":"192.6603.28","bucket":"197","time":1573049927407,"group":{"id":"vcs.log.index.application","version":"2"},"event":{"state":true,"data":{"created":1573049927411},"id":"invoked"}}
{"recorder_version":"21","session":"a8020189cd38","build":"192.6603.28","bucket":"197","time":1573049927412,"group":{"id":"debugger.settings.ide","version":"2"},"event":{"state":true,"data":{"created":1573049927412},"id":"invoked"}}
{"recorder_version":"21","session":"a8020189cd38","build":"192.6603.28","bucket":"197","time":1573049927413,"group":{"id":"vcs.github","version":"1"},"event":{"state":true,"data":{"created":1573049927413},"id":"github.accounts.not.default.host.disabled"}}
{"recorder_version":"21","session":"a8020189cd38","build":"192.6603.28","bucket":"197","time":1573049927413,"group":{"id":"vcs.github","version":"1"},"event":{"state":true,"data":{"created":1573049927413},"id":"github.accounts.count.1"}}
{"recorder_version":"21","session":"a8020189cd38","build":"192.6603.28","bucket":"197","time":1573049927413,"group":{"id":"vcs.github","version":"1"},"event":{"state":true,"data":{"created":1573049927413},"id":"invoked"}}
{"recorder_version":"21","session":"a8020189cd38","build":"192.6603.28","bucket":"197","time":1573049927413,"group":{"id":"plugins","version":"1"},"event":{"state":true,"data":{"created":1573049927413},"id":"invoked"}}
{"recorder_version":"21","session":"a8020189cd38","build":"192.6603.28","bucket":"197","time":1573049927413,"group":{"id":"ui.editor.color.schemes","version":"2"},"event":{"state":true,"data":{"os":"Windows","created":1573049927414,"value":true},"id":"Darcula"}}
{"recorder_version":"21","session":"a8020189cd38","build":"192.6603.28","bucket":"197","time":1573049927413,"group":{"id":"ui.editor.color.schemes","version":"2"},"event":{"state":true,"data":{"created":1573049927414},"id":"invoked"}}
{"recorder_version":"21","session":"a8020189cd38","build":"192.6603.28","bucket":"197","time":1573049927416,"group":{"id":"ui.screen.scale","version":"1"},"event":{"state":true,"data":{"os":"Windows","created":1573049927416},"id":"1.25"}}
{"recorder_version":"21","session":"a8020189cd38","build":"192.6603.28","bucket":"197","time":1573049927416,"group":{"id":"ui.screen.scale","version":"1"},"event":{"state":true,"data":{"created":1573049927416},"id":"invoked"}}
{"recorder_version":"21","session":"a8020189cd38","build":"192.6603.28","bucket":"197","time":1573049927416,"group":{"id":"os.linux.wm","version":"1"},"event":{"state":true,"data":{"created":1573049927416},"id":"invoked"}}
{"recorder_version":"21","session":"a8020189cd38","build":"192.6603.28","bucket":"197","time":1573049927416,"group":{"id":"vcs.application.configuration","version":"1"},"event":{"state":true,"data":{"created":1573049927416},"id":"invoked"}}
{"recorder_version":"21","session":"a8020189cd38","build":"192.6603.28","bucket":"197","time":1573049929479,"group":{"id":"performance","version":"21"},"event":{"count":1,"data":{"duration_ms":0,"created":1573049929479},"id":"ui.latency"}}
{"recorder_version":"21","session":"a8020189cd38","build":"192.6603.28","bucket":"197","time":1573050029582,"group":{"id":"performance","version":"21"},"event":{"count":1,"data":{"duration_ms":0,"created":1573050029582},"id":"ui.latency"}}
{"recorder_version":"21","session":"a8020189cd38","build":"192.6603.28","bucket":"197","time":1573056091922,"group":{"id":"performance","version":"21"},"event":{"count":1,"data":{"duration_ms":0,"created":1573056091922},"id":"ui.latency"}}
{"recorder_version":"21","session":"a8020189cd38","build":"192.6603.28","bucket":"197","time":1573056092281,"group":{"id":"editor.settings.project","version":"2"},"event":{"state":true,"data":{"created":1573056092282,"project":"ce81861df292f5aef62deba0ef0a15a4be4c461022f064a7c9055ab182797247"},"id":"invoked"}}
{"recorder_version":"21","session":"a8020189cd38","build":"192.6603.28","bucket":"197","time":1573056092283,"group":{"id":"java.compiler.settings.project","version":"1"},"event":{"state":true,"data":{"created":1573056092283,"project":"ce81861df292f5aef62deba0ef0a15a4be4c461022f064a7c9055ab182797247","enabled":true},"id":"AUTO_SHOW_ERRORS_IN_EDITOR"}}
{"recorder_version":"21","session":"a8020189cd38","build":"192.6603.28","bucket":"197","time":1573056092283,"group":{"id":"java.compiler.settings.project","version":"1"},"event":{"state":true,"data":{"created":1573056092283,"project":"ce81861df292f5aef62deba0ef0a15a4be4c461022f064a7c9055ab182797247","enabled":true},"id":"DISPLAY_NOTIFICATION_POPUP"}}
{"recorder_version":"21","session":"a8020189cd38","build":"192.6603.28","bucket":"197","time":1573056092283,"group":{"id":"java.compiler.settings.project","version":"1"},"event":{"state":true,"data":{"created":1573056092283,"project":"ce81861df292f5aef62deba0ef0a15a4be4c461022f064a7c9055ab182797247","enabled":true},"id":"CLEAR_OUTPUT_DIRECTORY"}}
{"recorder_version":"21","session":"a8020189cd38","build":"192.6603.28","bucket":"197","time":1573056092283,"group":{"id":"java.compiler.settings.project","version":"1"},"event":{"state":true,"data":{"created":1573056092285,"project":"ce81861df292f5aef62deba0ef0a15a4be4c461022f064a7c9055ab182797247","enabled":false},"id":"MAKE_PROJECT_ON_SAVE"}}
{"recorder_version":"21","session":"a8020189cd38","build":"192.6603.28","bucket":"197","time":1573056092283,"group":{"id":"java.compiler.settings.project","version":"1"},"event":{"state":true,"data":{"created":1573056092285,"project":"ce81861df292f5aef62deba0ef0a15a4be4c461022f064a7c9055ab182797247","enabled":false},"id":"PARALLEL_COMPILATION"}}
{"recorder_version":"21","session":"a8020189cd38","build":"192.6603.28","bucket":"197","time":1573056092283,"group":{"id":"java.compiler.settings.project","version":"1"},"event":{"state":true,"data":{"created":1573056092290,"project":"ce81861df292f5aef62deba0ef0a15a4be4c461022f064a7c9055ab182797247","enabled":true},"id":"REBUILD_ON_DEPENDENCY_CHANGE"}}
{"recorder_version":"21","session":"a8020189cd38","build":"192.6603.28","bucket":"197","time":1573056092283,"group":{"id":"java.compiler.settings.project","version":"1"},"event":{"state":true,"data":{"created":1573056092293,"project":"ce81861df292f5aef62deba0ef0a15a4be4c461022f064a7c9055ab182797247","enabled":true},"id":"COMPILE_AFFECTED_UNLOADED_MODULES_BEFORE_COMMIT"}}
{"recorder_version":"21","session":"a8020189cd38","build":"192.6603.28","bucket":"197","time":1573056092283,"group":{"id":"java.compiler.settings.project","version":"1"},"event":{"state":true,"data":{"created":1573056092294,"project":"ce81861df292f5aef62deba0ef0a15a4be4c461022f064a7c9055ab182797247"},"id":"invoked"}}
{"recorder_version":"21","session":"a8020189cd38","build":"192.6603.28","bucket":"197","time":1573056092512,"group":{"id":"file.types","version":"1"},"event":{"state":true,"data":{"plugin":"Git4Idea","created":1573056092522,"plugin_type":"JB_BUNDLED","project":"ce81861df292f5aef62deba0ef0a15a4be4c461022f064a7c9055ab182797247"},"id":"GitIgnore_file"}}
{"recorder_version":"21","session":"a8020189cd38","build":"192.6603.28","bucket":"197","time":1573056092517,"group":{"id":"file.types","version":"1"},"event":{"state":true,"data":{"plugin":"com.intellij.java","created":1573056092522,"plugin_type":"JB_BUNDLED","project":"ce81861df292f5aef62deba0ef0a15a4be4c461022f064a7c9055ab182797247"},"id":"JAVA"}}
{"recorder_version":"21","session":"a8020189cd38","build":"192.6603.28","bucket":"197","time":1573056092517,"group":{"id":"file.types","version":"1"},"event":{"state":true,"data":{"created":1573056092523,"plugin_type":"PLATFORM","project":"ce81861df292f5aef62deba0ef0a15a4be4c461022f064a7c9055ab182797247"},"id":"IDEA_MODULE"}}
{"recorder_version":"21","session":"a8020189cd38","build":"192.6603.28","bucket":"197","time":1573056092517,"group":{"id":"file.types","version":"1"},"event":{"state":true,"data":{"created":1573056092523,"project":"ce81861df292f5aef62deba0ef0a15a4be4c461022f064a7c9055ab182797247"},"id":"invoked"}}
{"recorder_version":"21","session":"a8020189cd38","build":"192.6603.28","bucket":"197","time":1573056092528,"group":{"id":"run.configuration.type","version":"4"},"event":{"state":true,"data":{"shared":false,"temporary":true,"activate_before_run":true,"plugin":"com.intellij.java","parallel":false,"created":1573056092528,"count":2,"plugin_type":"JB_BUNDLED","project":"ce81861df292f5aef62deba0ef0a15a4be4c461022f064a7c9055ab182797247","edit_before_run":false},"id":"Application"}}
{"recorder_version":"21","session":"a8020189cd38","build":"192.6603.28","bucket":"197","time":1573056092528,"group":{"id":"run.configuration.type","version":"4"},"event":{"state":true,"data":{"created":1573056092529,"project":"ce81861df292f5aef62deba0ef0a15a4be4c461022f064a7c9055ab182797247"},"id":"invoked"}}
{"recorder_version":"21","session":"a8020189cd38","build":"192.6603.28","bucket":"197","time":1573056092531,"group":{"id":"build.tools.state","version":"1"},"event":{"state":true,"data":{"created":1573056092531,"count":0,"externalSystemId":"Gradle","project":"ce81861df292f5aef62deba0ef0a15a4be4c461022f064a7c9055ab182797247"},"id":"numberOfLinkedProject"}}
{"recorder_version":"21","session":"a8020189cd38","build":"192.6603.28","bucket":"197","time":1573056092531,"group":{"id":"build.tools.state","version":"1"},"event":{"state":true,"data":{"created":1573056092533,"project":"ce81861df292f5aef62deba0ef0a15a4be4c461022f064a7c9055ab182797247"},"id":"invoked"}}
{"recorder_version":"21","session":"a8020189cd38","build":"192.6603.28","bucket":"197","time":1573056092533,"group":{"id":"vcs.log.data","version":"2"},"event":{"state":true,"data":{"created":1573056092533,"project":"ce81861df292f5aef62deba0ef0a15a4be4c461022f064a7c9055ab182797247"},"id":"dataInitialized"}}
{"recorder_version":"21","session":"a8020189cd38","build":"192.6603.28","bucket":"197","time":1573056092533,"group":{"id":"vcs.log.data","version":"2"},"event":{"state":true,"data":{"created":1573056092533,"count":1,"project":"ce81861df292f5aef62deba0ef0a15a4be4c461022f064a7c9055ab182797247"},"id":"users.count"}}
{"recorder_version":"21","session":"a8020189cd38","build":"192.6603.28","bucket":"197","time":1573056092533,"group":{"id":"vcs.log.data","version":"2"},"event":{"state":true,"data":{"created":1573056092536,"count":1,"project":"ce81861df292f5aef62deba0ef0a15a4be4c461022f064a7c9055ab182797247"},"id":"commit.count"}}
{"recorder_version":"21","session":"a8020189cd38","build":"192.6603.28","bucket":"197","time":1573056092533,"group":{"id":"vcs.log.data","version":"2"},"event":{"state":true,"data":{"created":1573056092536,"vcs":"git","count":1,"project":"ce81861df292f5aef62deba0ef0a15a4be4c461022f064a7c9055ab182797247"},"id":"root.count"}}
{"recorder_version":"21","session":"a8020189cd38","build":"192.6603.28","bucket":"197","time":1573056092533,"group":{"id":"vcs.log.data","version":"2"},"event":{"state":true,"data":{"created":1573056092537,"count":3,"project":"ce81861df292f5aef62deba0ef0a15a4be4c461022f064a7c9055ab182797247"},"id":"branches.count"}}
{"recorder_version":"21","session":"a8020189cd38","build":"192.6603.28","bucket":"197","time":1573056092533,"group":{"id":"vcs.log.data","version":"2"},"event":{"state":true,"data":{"created":1573056092537,"project":"ce81861df292f5aef62deba0ef0a15a4be4c461022f064a7c9055ab182797247"},"id":"invoked"}}
{"recorder_version":"21","session":"a8020189cd38","build":"192.6603.28","bucket":"197","time":1573056092533,"group":{"id":"vcs.log.index.project","version":"2"},"event":{"state":true,"data":{"created":1573056092540,"count":0,"project":"ce81861df292f5aef62deba0ef0a15a4be4c461022f064a7c9055ab182797247"},"id":"indexing.time.minutes"}}
{"recorder_version":"21","session":"a8020189cd38","build":"192.6603.28","bucket":"197","time":1573056092533,"group":{"id":"vcs.log.index.project","version":"2"},"event":{"state":true,"data":{"created":1573056092543,"project":"ce81861df292f5aef62deba0ef0a15a4be4c461022f064a7c9055ab182797247"},"id":"invoked"}}
{"recorder_version":"21","session":"a8020189cd38","build":"192.6603.28","bucket":"197","time":1573056092539,"group":{"id":"project.structure","version":"2"},"event":{"state":true,"data":{"created":1573056092543,"count":1,"project":"ce81861df292f5aef62deba0ef0a15a4be4c461022f064a7c9055ab182797247"},"id":"content.roots.total"}}
{"recorder_version":"21","session":"a8020189cd38","build":"192.6603.28","bucket":"197","time":1573056092539,"group":{"id":"project.structure","version":"2"},"event":{"state":true,"data":{"created":1573056092544,"count":0,"project":"ce81861df292f5aef62deba0ef0a15a4be4c461022f064a7c9055ab182797247"},"id":"package.prefix"}}
{"recorder_version":"21","session":"a8020189cd38","build":"192.6603.28","bucket":"197","time":1573056092539,"group":{"id":"project.structure","version":"2"},"event":{"state":true,"data":{"created":1573056092544,"count":1,"project":"ce81861df292f5aef62deba0ef0a15a4be4c461022f064a7c9055ab182797247"},"id":"source.roots.total"}}
{"recorder_version":"21","session":"a8020189cd38","build":"192.6603.28","bucket":"197","time":1573056092539,"group":{"id":"project.structure","version":"2"},"event":{"state":true,"data":{"created":1573056092544,"count":1,"project":"ce81861df292f5aef62deba0ef0a15a4be4c461022f064a7c9055ab182797247"},"id":"modules.total"}}
{"recorder_version":"21","session":"a8020189cd38","build":"192.6603.28","bucket":"197","time":1573056092539,"group":{"id":"project.structure","version":"2"},"event":{"state":true,"data":{"created":1573056092544,"count":1,"project":"ce81861df292f5aef62deba0ef0a15a4be4c461022f064a7c9055ab182797247"},"id":"excluded.roots.total"}}
{"recorder_version":"21","session":"a8020189cd38","build":"192.6603.28","bucket":"197","time":1573056092539,"group":{"id":"project.structure","version":"2"},"event":{"state":true,"data":{"created":1573056092544,"count":1,"project":"ce81861df292f5aef62deba0ef0a15a4be4c461022f064a7c9055ab182797247","type":"java-source"},"id":"source.root"}}
{"recorder_version":"21","session":"a8020189cd38","build":"192.6603.28","bucket":"197","time":1573056092539,"group":{"id":"project.structure","version":"2"},"event":{"state":true,"data":{"created":1573056092545,"project":"ce81861df292f5aef62deba0ef0a15a4be4c461022f064a7c9055ab182797247"},"id":"invoked"}}
{"recorder_version":"21","session":"a8020189cd38","build":"192.6603.28","bucket":"197","time":1573056092539,"group":{"id":"module.facets","version":"2"},"event":{"state":true,"data":{"created":1573056092545,"project":"ce81861df292f5aef62deba0ef0a15a4be4c461022f064a7c9055ab182797247"},"id":"invoked"}}
{"recorder_version":"21","session":"a8020189cd38","build":"192.6603.28","bucket":"197","time":1573056092539,"group":{"id":"run.dashboard","version":"1"},"event":{"state":true,"data":{"created":1573056092545,"project":"ce81861df292f5aef62deba0ef0a15a4be4c461022f064a7c9055ab182797247","enabled":false},"id":"run.dashboard"}}
{"recorder_version":"21","session":"a8020189cd38","build":"192.6603.28","bucket":"197","time":1573056092539,"group":{"id":"run.dashboard","version":"1"},"event":{"state":true,"data":{"created":1573056092545,"project":"ce81861df292f5aef62deba0ef0a15a4be4c461022f064a7c9055ab182797247"},"id":"invoked"}}
{"recorder_version":"21","session":"a8020189cd38","build":"192.6603.28","bucket":"197","time":1573056092539,"group":{"id":"build.tools","version":"1"},"event":{"state":true,"data":{"created":1573056092545,"project":"ce81861df292f5aef62deba0ef0a15a4be4c461022f064a7c9055ab182797247"},"id":"invoked"}}
{"recorder_version":"21","session":"a8020189cd38","build":"192.6603.28","bucket":"197","time":1573056092540,"group":{"id":"build.gradle.state","version":"1"},"event":{"state":true,"data":{"created":1573056092546,"project":"ce81861df292f5aef62deba0ef0a15a4be4c461022f064a7c9055ab182797247"},"id":"invoked"}}
{"recorder_version":"21","session":"a8020189cd38","build":"192.6603.28","bucket":"197","time":1573056092540,"group":{"id":"build.maven.state","version":"1"},"event":{"state":true,"data":{"created":1573056092546,"project":"ce81861df292f5aef62deba0ef0a15a4be4c461022f064a7c9055ab182797247"},"id":"invoked"}}
{"recorder_version":"21","session":"a8020189cd38","build":"192.6603.28","bucket":"197","time":1573056092547,"group":{"id":"git.configuration","version":"2"},"event":{"state":true,"data":{"created":1573056092547,"project":"ce81861df292f5aef62deba0ef0a15a4be4c461022f064a7c9055ab182797247","remotes":1,"remote_branches":1,"local_branches":1,"remote_github":1},"id":"repository"}}
{"recorder_version":"21","session":"a8020189cd38","build":"192.6603.28","bucket":"197","time":1573056092547,"group":{"id":"git.configuration","version":"2"},"event":{"state":true,"data":{"created":1573056092548,"project":"ce81861df292f5aef62deba0ef0a15a4be4c461022f064a7c9055ab182797247","type":"MSYS","version":"2.23.0"},"id":"executable"}}
{"recorder_version":"21","session":"a8020189cd38","build":"192.6603.28","bucket":"197","time":1573056092547,"group":{"id":"git.configuration","version":"2"},"event":{"state":true,"data":{"created":1573056092548,"project":"ce81861df292f5aef62deba0ef0a15a4be4c461022f064a7c9055ab182797247"},"id":"invoked"}}
{"recorder_version":"21","session":"a8020189cd38","build":"192.6603.28","bucket":"197","time":1573056092549,"group":{"id":"inspections","version":"1"},"event":{"state":true,"data":{"created":1573056092550,"project":"ce81861df292f5aef62deba0ef0a15a4be4c461022f064a7c9055ab182797247"},"id":"invoked"}}
{"recorder_version":"21","session":"a8020189cd38","build":"192.6603.28","bucket":"197","time":1573056092560,"group":{"id":"debugger.breakpoints","version":"2"},"event":{"state":true,"data":{"created":1573056092561,"count":0,"project":"ce81861df292f5aef62deba0ef0a15a4be4c461022f064a7c9055ab182797247"},"id":"total"}}
{"recorder_version":"21","session":"a8020189cd38","build":"192.6603.28","bucket":"197","time":1573056092560,"group":{"id":"debugger.breakpoints","version":"2"},"event":{"state":true,"data":{"created":1573056092561,"count":0,"project":"ce81861df292f5aef62deba0ef0a15a4be4c461022f064a7c9055ab182797247"},"id":"total.disabled"}}
{"recorder_version":"21","session":"a8020189cd38","build":"192.6603.28","bucket":"197","time":1573056092560,"group":{"id":"debugger.breakpoints","version":"2"},"event":{"state":true,"data":{"created":1573056092562,"count":0,"project":"ce81861df292f5aef62deba0ef0a15a4be4c461022f064a7c9055ab182797247"},"id":"total.non.suspending"}}
{"recorder_version":"21","session":"a8020189cd38","build":"192.6603.28","bucket":"197","time":1573056092560,"group":{"id":"debugger.breakpoints","version":"2"},"event":{"state":true,"data":{"created":1573056092562,"project":"ce81861df292f5aef62deba0ef0a15a4be4c461022f064a7c9055ab182797247"},"id":"invoked"}}
{"recorder_version":"21","session":"a8020189cd38","build":"192.6603.28","bucket":"197","time":1573056092562,"group":{"id":"vcs.log.ui","version":"2"},"event":{"state":true,"data":{"created":1573056092562,"project":"ce81861df292f5aef62deba0ef0a15a4be4c461022f064a7c9055ab182797247"},"id":"invoked"}}
{"recorder_version":"21","session":"a8020189cd38","build":"192.6603.28","bucket":"197","time":1573056092714,"group":{"id":"svn.configuration","version":"1"},"event":{"state":true,"data":{"created":1573056092716,"project":"ce81861df292f5aef62deba0ef0a15a4be4c461022f064a7c9055ab182797247"},"id":"invoked"}}
{"recorder_version":"21","session":"a8020189cd38","build":"192.6603.28","bucket":"197","time":1573056092725,"group":{"id":"vcs.configuration","version":"2"},"event":{"state":true,"data":{"created":1573056092725,"count":1,"project":"ce81861df292f5aef62deba0ef0a15a4be4c461022f064a7c9055ab182797247"},"id":"mapped.roots"}}
{"recorder_version":"21","session":"a8020189cd38","build":"192.6603.28","bucket":"197","time":1573056092725,"group":{"id":"vcs.configuration","version":"2"},"event":{"state":true,"data":{"created":1573056092726,"count":2,"project":"ce81861df292f5aef62deba0ef0a15a4be4c461022f064a7c9055ab182797247"},"id":"ignored.files"}}
{"recorder_version":"21","session":"a8020189cd38","build":"192.6603.28","bucket":"197","time":1573056092725,"group":{"id":"vcs.configuration","version":"2"},"event":{"state":true,"data":{"plugin":"Git4Idea","created":1573056092726,"vcs":"Git","plugin_type":"JB_BUNDLED","project":"ce81861df292f5aef62deba0ef0a15a4be4c461022f064a7c9055ab182797247"},"id":"active.vcs"}}
{"recorder_version":"21","session":"a8020189cd38","build":"192.6603.28","bucket":"197","time":1573056092725,"group":{"id":"vcs.configuration","version":"2"},"event":{"state":true,"data":{"plugin":"Git4Idea","is_project_mapping":false,"created":1573056092726,"vcs":"Git","plugin_type":"JB_BUNDLED","project":"ce81861df292f5aef62deba0ef0a15a4be4c461022f064a7c9055ab182797247","is_base_dir":true},"id":"mapping"}}
{"recorder_version":"21","session":"a8020189cd38","build":"192.6603.28","bucket":"197","time":1573056092725,"group":{"id":"vcs.configuration","version":"2"},"event":{"state":true,"data":{"created":1573056092726,"count":0,"project":"ce81861df292f5aef62deba0ef0a15a4be4c461022f064a7c9055ab182797247"},"id":"unversioned.files"}}
{"recorder_version":"21","session":"a8020189cd38","build":"192.6603.28","bucket":"197","time":1573056092725,"group":{"id":"vcs.configuration","version":"2"},"event":{"state":true,"data":{"created":1573056092726,"count":1,"project":"ce81861df292f5aef62deba0ef0a15a4be4c461022f064a7c9055ab182797247"},"id":"changelists"}}
{"recorder_version":"21","session":"a8020189cd38","build":"192.6603.28","bucket":"197","time":1573056092725,"group":{"id":"vcs.configuration","version":"2"},"event":{"state":true,"data":{"created":1573056092727,"project":"ce81861df292f5aef62deba0ef0a15a4be4c461022f064a7c9055ab182797247"},"id":"invoked"}}
{"recorder_version":"21","session":"a8020189cd38","build":"192.6603.28","bucket":"197","time":1573056092733,"group":{"id":"vcs.settings","version":"2"},"event":{"state":true,"data":{"created":1573056092733,"project":"ce81861df292f5aef62deba0ef0a15a4be4c461022f064a7c9055ab182797247"},"id":"invoked"}}
{"recorder_version":"21","session":"a8020189cd38","build":"192.6603.28","bucket":"197","time":1573056092904,"group":{"id":"javaLibraryJars","version":"1"},"event":{"state":true,"data":{"created":1573056092905,"project":"ce81861df292f5aef62deba0ef0a15a4be4c461022f064a7c9055ab182797247"},"id":"invoked"}}
{"recorder_version":"21","session":"a8020189cd38","build":"192.6603.28","bucket":"197","time":1573056092905,"group":{"id":"build.ant.state","version":"1"},"event":{"state":true,"data":{"created":1573056092905,"project":"ce81861df292f5aef62deba0ef0a15a4be4c461022f064a7c9055ab182797247"},"id":"invoked"}}
{"recorder_version":"21","session":"a8020189cd38","build":"192.6603.28","bucket":"197","time":1573056192049,"group":{"id":"performance","version":"21"},"event":{"count":1,"data":{"duration_ms":0,"created":1573056192049},"id":"ui.latency"}}
{"recorder_version":"21","session":"a8020189cd38","build":"192.6603.28","bucket":"197","time":1573056292166,"group":{"id":"performance","version":"21"},"event":{"count":1,"data":{"duration_ms":0,"created":1573056292166},"id":"ui.latency"}}
{"recorder_version":"21","session":"a8020189cd38","build":"192.6603.28","bucket":"197","time":1573056392218,"group":{"id":"performance","version":"21"},"event":{"count":1,"data":{"duration_ms":0,"created":1573056392218},"id":"ui.latency"}}
{"recorder_version":"21","session":"a8020189cd38","build":"192.6603.28","bucket":"197","time":1573056492257,"group":{"id":"performance","version":"21"},"event":{"count":1,"data":{"duration_ms":0,"created":1573056492257},"id":"ui.latency"}}
{"recorder_version":"21","session":"a8020189cd38","build":"192.6603.28","bucket":"197","time":1573056592345,"group":{"id":"performance","version":"21"},"event":{"count":1,"data":{"duration_ms":0,"created":1573056592345},"id":"ui.latency"}}
{"recorder_version":"21","session":"a8020189cd38","build":"192.6603.28","bucket":"197","time":1573081475834,"group":{"id":"performance","version":"21"},"event":{"count":1,"data":{"duration_ms":3,"created":1573081475834},"id":"ui.latency"}}
