{"recorder_version":"21","session":"c8287dbc38a6","build":"192.6603.28","bucket":"197","time":1573024507992,"group":{"id":"settings","version":"4"},"event":{"state":true,"data":{"component":"NotRoamableUiSettings","created":1573024508270},"id":"invoked"}}
{"recorder_version":"21","session":"c8287dbc38a6","build":"192.6603.28","bucket":"197","time":1573024507996,"group":{"id":"settings","version":"4"},"event":{"state":true,"data":{"component":"UISettings","created":1573024508274},"id":"invoked"}}
{"recorder_version":"21","session":"c8287dbc38a6","build":"192.6603.28","bucket":"197","time":1573024507998,"group":{"id":"system.java","version":"1"},"event":{"state":true,"data":{"created":1573024508290,"version":"1.11"},"id":"JetBrains"}}
{"recorder_version":"21","session":"c8287dbc38a6","build":"192.6603.28","bucket":"197","time":1573024507998,"group":{"id":"system.java","version":"1"},"event":{"state":true,"data":{"created":1573024508291},"id":"invoked"}}
{"recorder_version":"21","session":"c8287dbc38a6","build":"192.6603.28","bucket":"197","time":1573024508028,"group":{"id":"system.os","version":"3"},"event":{"state":true,"data":{"created":1573024508293,"version":"10.0"},"id":"Windows"}}
{"recorder_version":"21","session":"c8287dbc38a6","build":"192.6603.28","bucket":"197","time":1573024508028,"group":{"id":"system.os","version":"3"},"event":{"state":true,"data":{"created":1573024508294,"name":"Windows","version":"10.0"},"id":"os.name"}}
{"recorder_version":"21","session":"c8287dbc38a6","build":"192.6603.28","bucket":"197","time":1573024508029,"group":{"id":"system.os","version":"3"},"event":{"state":true,"data":{"created":1573024508296,"value":"+08_00"},"id":"os.timezone"}}
{"recorder_version":"21","session":"c8287dbc38a6","build":"192.6603.28","bucket":"197","time":1573024508029,"group":{"id":"system.os","version":"3"},"event":{"state":true,"data":{"created":1573024508297},"id":"invoked"}}
{"recorder_version":"21","session":"c8287dbc38a6","build":"192.6603.28","bucket":"197","time":1573024508270,"group":{"id":"event.log","version":"21"},"event":{"count":1,"data":{"created":1573024508298,"version":"872.0"},"id":"whitelist.loaded"}}
{"recorder_version":"21","session":"c8287dbc38a6","build":"192.6603.28","bucket":"197","time":1573024509724,"group":{"id":"settings","version":"4"},"event":{"state":true,"data":{"component":"UpdatesConfigurable","created":1573024509728,"name":"lastTimeChecked","type":"int","value":1572920393541},"id":"not.default"}}
{"recorder_version":"21","session":"c8287dbc38a6","build":"192.6603.28","bucket":"197","time":1573024509724,"group":{"id":"settings","version":"4"},"event":{"state":true,"data":{"component":"UpdatesConfigurable","created":1573024509729},"id":"invoked"}}
{"recorder_version":"21","session":"c8287dbc38a6","build":"192.6603.28","bucket":"197","time":1573024509990,"group":{"id":"settings","version":"4"},"event":{"state":true,"data":{"component":"GeneralSettings","created":1573024509990},"id":"invoked"}}
{"recorder_version":"21","session":"c8287dbc38a6","build":"192.6603.28","bucket":"197","time":1573024510010,"group":{"id":"lifecycle","version":"21"},"event":{"count":1,"data":{"eap":false,"created":1573024510011},"id":"ide.start"}}
{"recorder_version":"21","session":"c8287dbc38a6","build":"192.6603.28","bucket":"197","time":1573024511106,"group":{"id":"performance","version":"21"},"event":{"count":1,"data":{"duration_ms":1488,"created":1573024511106},"id":"ui.latency"}}
{"recorder_version":"21","session":"c8287dbc38a6","build":"192.6603.28","bucket":"197","time":1573024511106,"group":{"id":"performance","version":"21"},"event":{"count":1,"data":{"duration_ms":1488,"created":1573024511108},"id":"ui.lagging"}}
{"recorder_version":"21","session":"c8287dbc38a6","build":"192.6603.28","bucket":"197","time":1573024511244,"group":{"id":"performance","version":"21"},"event":{"count":1,"data":{"duration_ms":624,"created":1573024511244},"id":"ui.lagging"}}
{"recorder_version":"21","session":"c8287dbc38a6","build":"192.6603.28","bucket":"197","time":1573024511330,"group":{"id":"lifecycle","version":"21"},"event":{"count":1,"data":{"created":1573024511330},"id":"frame.activated"}}
{"recorder_version":"21","session":"c8287dbc38a6","build":"192.6603.28","bucket":"197","time":1573024511807,"group":{"id":"ui.dialogs","version":"21"},"event":{"count":1,"data":{"created":1573024511810,"plugin_type":"PLATFORM","type":"show"},"id":"com.intellij.openapi.progress.util.ProgressDialog$MyDialogWrapper"}}
{"recorder_version":"21","session":"c8287dbc38a6","build":"192.6603.28","bucket":"197","time":1573024514288,"group":{"id":"lifecycle","version":"21"},"event":{"count":1,"data":{"created":1573024514288,"project":"ce81861df292f5aef62deba0ef0a15a4be4c461022f064a7c9055ab182797247"},"id":"project.opened"}}
{"recorder_version":"21","session":"c8287dbc38a6","build":"192.6603.28","bucket":"197","time":1573024515425,"group":{"id":"performance","version":"21"},"event":{"count":1,"data":{"duration_ms":805,"created":1573024515425},"id":"ui.lagging"}}
{"recorder_version":"21","session":"c8287dbc38a6","build":"192.6603.28","bucket":"197","time":1573024515727,"group":{"id":"performance","version":"21"},"event":{"count":1,"data":{"duration_ms":105,"created":1573024515727},"id":"ui.lagging"}}
{"recorder_version":"21","session":"c8287dbc38a6","build":"192.6603.28","bucket":"197","time":1573024517208,"group":{"id":"settings","version":"4"},"event":{"state":true,"data":{"component":"XmlEditorOptions","created":1573024517208},"id":"invoked"}}
{"recorder_version":"21","session":"c8287dbc38a6","build":"192.6603.28","bucket":"197","time":1573024517290,"group":{"id":"performance","version":"21"},"event":{"count":1,"data":{"duration_ms":652,"created":1573024517290},"id":"ui.lagging"}}
{"recorder_version":"21","session":"c8287dbc38a6","build":"192.6603.28","bucket":"197","time":1573024518116,"group":{"id":"toolwindow","version":"21"},"event":{"count":1,"data":{"os":"Windows","created":1573024518116,"plugin_type":"PLATFORM"},"id":"Project"}}
{"recorder_version":"21","session":"c8287dbc38a6","build":"192.6603.28","bucket":"197","time":1573024518868,"group":{"id":"performance","version":"21"},"event":{"count":1,"data":{"duration_ms":230,"created":1573024518868},"id":"ui.lagging"}}
{"recorder_version":"21","session":"c8287dbc38a6","build":"192.6603.28","bucket":"197","time":1573024519179,"group":{"id":"ui.tips","version":"2"},"event":{"count":1,"data":{"created":1573024519179,"type":"automatically"},"id":"dialog.shown"}}
{"recorder_version":"21","session":"c8287dbc38a6","build":"192.6603.28","bucket":"197","time":1573024519254,"group":{"id":"ui.dialogs","version":"21"},"event":{"count":1,"data":{"created":1573024519254,"plugin_type":"PLATFORM","type":"show"},"id":"com.intellij.ide.util.TipDialog"}}
{"recorder_version":"21","session":"c8287dbc38a6","build":"192.6603.28","bucket":"197","time":1573024520025,"group":{"id":"performance","version":"21"},"event":{"count":1,"data":{"duration_ms":386,"created":1573024520025},"id":"ui.lagging"}}
{"recorder_version":"21","session":"c8287dbc38a6","build":"192.6603.28","bucket":"197","time":1573024520028,"group":{"id":"lifecycle","version":"21"},"event":{"count":1,"data":{"created":1573024520028,"project":"ce81861df292f5aef62deba0ef0a15a4be4c461022f064a7c9055ab182797247"},"id":"frame.deactivated"}}
{"recorder_version":"21","session":"c8287dbc38a6","build":"192.6603.28","bucket":"197","time":1573024520071,"group":{"id":"lifecycle","version":"21"},"event":{"count":1,"data":{"created":1573024520072,"project":"ce81861df292f5aef62deba0ef0a15a4be4c461022f064a7c9055ab182797247"},"id":"frame.activated"}}
{"recorder_version":"21","session":"c8287dbc38a6","build":"192.6603.28","bucket":"197","time":1573024520469,"group":{"id":"project.fs","version":"1"},"event":{"state":true,"data":{"os":"Windows","cs-project":false,"created":1573024520469,"project":"ce81861df292f5aef62deba0ef0a15a4be4c461022f064a7c9055ab182797247","cs-implicit":true,"cs-system":false},"id":"case-sensitivity"}}
{"recorder_version":"21","session":"c8287dbc38a6","build":"192.6603.28","bucket":"197","time":1573024520469,"group":{"id":"project.fs","version":"1"},"event":{"state":true,"data":{"created":1573024520469},"id":"invoked"}}
{"recorder_version":"21","session":"c8287dbc38a6","build":"192.6603.28","bucket":"197","time":1573024520469,"group":{"id":"project.fs","version":"1"},"event":{"state":true,"data":{"pct-non-watched":0,"created":1573024520470,"project":"ce81861df292f5aef62deba0ef0a15a4be4c461022f064a7c9055ab182797247"},"id":"roots-watched"}}
{"recorder_version":"21","session":"c8287dbc38a6","build":"192.6603.28","bucket":"197","time":1573024520469,"group":{"id":"project.fs","version":"1"},"event":{"state":true,"data":{"created":1573024520470},"id":"invoked"}}
{"recorder_version":"21","session":"c8287dbc38a6","build":"192.6603.28","bucket":"197","time":1573024520516,"group":{"id":"ui.dialogs","version":"21"},"event":{"count":1,"data":{"code":1,"created":1573024520516,"plugin_type":"PLATFORM","type":"close"},"id":"com.intellij.openapi.progress.util.ProgressDialog$MyDialogWrapper"}}
{"recorder_version":"21","session":"c8287dbc38a6","build":"192.6603.28","bucket":"197","time":1573024520760,"group":{"id":"performance","version":"21"},"event":{"count":1,"data":{"duration_ms":120,"created":1573024520760},"id":"ui.lagging"}}
{"recorder_version":"21","session":"c8287dbc38a6","build":"192.6603.28","bucket":"197","time":1573024520921,"group":{"id":"lifecycle","version":"21"},"event":{"count":1,"data":{"duration_ms":9369,"created":1573024520922,"project":"ce81861df292f5aef62deba0ef0a15a4be4c461022f064a7c9055ab182797247"},"id":"project.opening.finished"}}
{"recorder_version":"21","session":"c8287dbc38a6","build":"192.6603.28","bucket":"197","time":1573024523291,"group":{"id":"kotlin.jps.target","version":"1"},"event":{"count":1,"data":{"plugin_version":"1.3.41-release-IJ2019.2-1","created":1573024523291},"id":"jvm"}}
{"recorder_version":"21","session":"c8287dbc38a6","build":"192.6603.28","bucket":"197","time":1573024526219,"group":{"id":"ui.dialogs","version":"21"},"event":{"count":1,"data":{"code":1,"created":1573024526219,"plugin_type":"PLATFORM","type":"close"},"id":"com.intellij.ide.util.TipDialog"}}
{"recorder_version":"21","session":"c8287dbc38a6","build":"192.6603.28","bucket":"197","time":1573024535065,"group":{"id":"ide.self.update","version":"2"},"event":{"count":1,"data":{"created":1573024535066},"id":"notification.shown"}}
{"recorder_version":"21","session":"c8287dbc38a6","build":"192.6603.28","bucket":"197","time":1573024549469,"group":{"id":"lifecycle","version":"21"},"event":{"count":1,"data":{"created":1573024549470,"project":"ce81861df292f5aef62deba0ef0a15a4be4c461022f064a7c9055ab182797247"},"id":"frame.deactivated"}}
{"recorder_version":"21","session":"c8287dbc38a6","build":"192.6603.28","bucket":"197","time":1573024557900,"group":{"id":"lifecycle","version":"21"},"event":{"count":1,"data":{"created":1573024557900,"project":"ce81861df292f5aef62deba0ef0a15a4be4c461022f064a7c9055ab182797247"},"id":"frame.activated"}}
{"recorder_version":"21","session":"c8287dbc38a6","build":"192.6603.28","bucket":"197","time":1573024559282,"group":{"id":"actions","version":"21"},"event":{"count":1,"data":{"context_menu":true,"parent":"com.intellij.execution.lineMarker.LineMarkerActionWrapper","current_file":"JAVA","created":1573024559282,"plugin_type":"PLATFORM","project":"ce81861df292f5aef62deba0ef0a15a4be4c461022f064a7c9055ab182797247","place":"ICON_NAVIGATION_SECONDARY_BUTTON","class":"com.intellij.execution.lineMarker.ExecutorAction","input_event":"MouseLeft"},"id":"com.intellij.execution.lineMarker.ExecutorAction"}}
{"recorder_version":"21","session":"c8287dbc38a6","build":"192.6603.28","bucket":"197","time":1573024559503,"group":{"id":"run.configuration.exec","version":"21"},"event":{"count":1,"data":{"plugin":"com.intellij.java","executor":"Run","created":1573024559505,"plugin_type":"JB_BUNDLED","project":"ce81861df292f5aef62deba0ef0a15a4be4c461022f064a7c9055ab182797247"},"id":"Application"}}
{"recorder_version":"21","session":"c8287dbc38a6","build":"192.6603.28","bucket":"197","time":1573024563421,"group":{"id":"toolwindow","version":"21"},"event":{"count":1,"data":{"os":"Windows","created":1573024563421,"plugin_type":"PLATFORM"},"id":"Messages"}}
{"recorder_version":"21","session":"c8287dbc38a6","build":"192.6603.28","bucket":"197","time":1573024572970,"group":{"id":"performance","version":"21"},"event":{"count":1,"data":{"duration_ms":283,"created":1573024572970},"id":"ui.lagging"}}
{"recorder_version":"21","session":"c8287dbc38a6","build":"192.6603.28","bucket":"197","time":1573024576616,"group":{"id":"productivity","version":"21"},"event":{"count":1,"data":{"created":1573024576617,"plugin_type":"PLATFORM"},"id":"editing.select.word"}}
{"recorder_version":"21","session":"c8287dbc38a6","build":"192.6603.28","bucket":"197","time":1573024611717,"group":{"id":"performance","version":"21"},"event":{"count":1,"data":{"duration_ms":0,"created":1573024611717},"id":"ui.latency"}}
{"recorder_version":"21","session":"c8287dbc38a6","build":"192.6603.28","bucket":"197","time":1573024616188,"group":{"id":"file.types.usage","version":"21"},"event":{"count":1,"data":{"plugin":"com.intellij.java","created":1573024616189,"plugin_type":"JB_BUNDLED","project":"ce81861df292f5aef62deba0ef0a15a4be4c461022f064a7c9055ab182797247","type":"edit"},"id":"JAVA"}}
{"recorder_version":"21","session":"c8287dbc38a6","build":"192.6603.28","bucket":"197","time":1573024626359,"group":{"id":"actions","version":"21"},"event":{"count":2,"data":{"context_menu":false,"last":1573024626541,"current_file":"JAVA","created":1573024626359,"plugin_type":"PLATFORM","project":"ce81861df292f5aef62deba0ef0a15a4be4c461022f064a7c9055ab182797247","place":"keyboard_shortcut","class":"com.intellij.openapi.editor.actions.BackspaceAction","input_event":"Backspace"},"id":"EditorBackSpace"}}
{"recorder_version":"21","session":"c8287dbc38a6","build":"192.6603.28","bucket":"197","time":1573024635884,"group":{"id":"actions","version":"21"},"event":{"count":1,"data":{"context_menu":false,"current_file":"JAVA","created":1573024635884,"plugin_type":"PLATFORM","project":"ce81861df292f5aef62deba0ef0a15a4be4c461022f064a7c9055ab182797247","place":"keyboard_shortcut","class":"com.intellij.openapi.editor.actions.MoveCaretRightAction","input_event":"Right"},"id":"EditorRight"}}
{"recorder_version":"21","session":"c8287dbc38a6","build":"192.6603.28","bucket":"197","time":1573024639143,"group":{"id":"actions","version":"21"},"event":{"count":1,"data":{"context_menu":false,"current_file":"JAVA","created":1573024639143,"plugin_type":"PLATFORM","project":"ce81861df292f5aef62deba0ef0a15a4be4c461022f064a7c9055ab182797247","place":"keyboard_shortcut","class":"com.intellij.openapi.editor.actions.EnterAction","input_event":"Enter"},"id":"EditorEnter"}}
{"recorder_version":"21","session":"c8287dbc38a6","build":"192.6603.28","bucket":"197","time":1573024663354,"group":{"id":"actions","version":"21"},"event":{"count":6,"data":{"context_menu":false,"last":1573024664582,"current_file":"JAVA","created":1573024663355,"plugin_type":"PLATFORM","project":"ce81861df292f5aef62deba0ef0a15a4be4c461022f064a7c9055ab182797247","place":"keyboard_shortcut","class":"com.intellij.openapi.editor.actions.BackspaceAction","input_event":"Backspace"},"id":"EditorBackSpace"}}
{"recorder_version":"21","session":"c8287dbc38a6","build":"192.6603.28","bucket":"197","time":1573024665667,"group":{"id":"actions","version":"21"},"event":{"count":3,"data":{"context_menu":false,"last":1573024667279,"current_file":"JAVA","created":1573024665667,"plugin_type":"PLATFORM","project":"ce81861df292f5aef62deba0ef0a15a4be4c461022f064a7c9055ab182797247","place":"keyboard_shortcut","class":"com.intellij.openapi.editor.actions.TabAction","input_event":"Tab"},"id":"EditorTab"}}
{"recorder_version":"21","session":"c8287dbc38a6","build":"192.6603.28","bucket":"197","time":1573024691140,"group":{"id":"actions","version":"21"},"event":{"count":1,"data":{"context_menu":false,"current_file":"JAVA","created":1573024691140,"plugin_type":"PLATFORM","project":"ce81861df292f5aef62deba0ef0a15a4be4c461022f064a7c9055ab182797247","place":"keyboard_shortcut","class":"com.intellij.codeInsight.daemon.impl.DaemonTooltipWithActionRenderer$addActionsRow$1","input_event":"Alt+Shift+Enter"},"id":"com.intellij.codeInsight.daemon.impl.DaemonTooltipWithActionRenderer$addActionsRow$1"}}
{"recorder_version":"21","session":"c8287dbc38a6","build":"192.6603.28","bucket":"197","time":1573024691142,"group":{"id":"actions","version":"21"},"event":{"count":1,"data":{"created":1573024691142,"input_event":"Alt+Shift+Enter"},"id":"tooltip.actions.execute"}}
{"recorder_version":"21","session":"c8287dbc38a6","build":"192.6603.28","bucket":"197","time":1573024691146,"group":{"id":"intentions","version":"21"},"event":{"count":1,"data":{"os":"Windows","plugin":"com.intellij.java","created":1573024691146,"plugin_type":"JB_BUNDLED","project":"ce81861df292f5aef62deba0ef0a15a4be4c461022f064a7c9055ab182797247","lang":"JAVA"},"id":"com.intellij.codeInsight.daemon.impl.quickfix.AddMethodQualifierFix"}}
{"recorder_version":"21","session":"c8287dbc38a6","build":"192.6603.28","bucket":"197","time":1573024692414,"group":{"id":"event.log","version":"21"},"event":{"count":1,"data":{"created":1573024692414,"version":"880.0"},"id":"whitelist.updated"}}
{"recorder_version":"21","session":"c8287dbc38a6","build":"192.6603.28","bucket":"197","time":1573024711799,"group":{"id":"performance","version":"21"},"event":{"count":1,"data":{"duration_ms":0,"created":1573024711799},"id":"ui.latency"}}
{"recorder_version":"21","session":"c8287dbc38a6","build":"192.6603.28","bucket":"197","time":1573024731846,"group":{"id":"actions","version":"21"},"event":{"count":1,"data":{"context_menu":false,"current_file":"JAVA","created":1573024731847,"plugin_type":"PLATFORM","project":"ce81861df292f5aef62deba0ef0a15a4be4c461022f064a7c9055ab182797247","place":"keyboard_shortcut","class":"com.intellij.openapi.editor.actions.BackspaceAction","input_event":"Backspace"},"id":"EditorBackSpace"}}
{"recorder_version":"21","session":"c8287dbc38a6","build":"192.6603.28","bucket":"197","time":1573024757217,"group":{"id":"actions","version":"21"},"event":{"count":1,"data":{"context_menu":false,"current_file":"JAVA","created":1573024757218,"plugin_type":"PLATFORM","project":"ce81861df292f5aef62deba0ef0a15a4be4c461022f064a7c9055ab182797247","place":"keyboard_shortcut","class":"com.intellij.openapi.editor.actions.EnterAction","input_event":"Enter"},"id":"EditorEnter"}}
{"recorder_version":"21","session":"c8287dbc38a6","build":"192.6603.28","bucket":"197","time":1573024759100,"group":{"id":"file.types.usage","version":"21"},"event":{"count":1,"data":{"plugin":"com.intellij.java","created":1573024759100,"plugin_type":"JB_BUNDLED","project":"ce81861df292f5aef62deba0ef0a15a4be4c461022f064a7c9055ab182797247","type":"edit"},"id":"JAVA"}}
{"recorder_version":"21","session":"c8287dbc38a6","build":"192.6603.28","bucket":"197","time":1573024779141,"group":{"id":"actions","version":"21"},"event":{"count":5,"data":{"context_menu":false,"last":1573024780496,"current_file":"JAVA","created":1573024779141,"plugin_type":"PLATFORM","project":"ce81861df292f5aef62deba0ef0a15a4be4c461022f064a7c9055ab182797247","place":"keyboard_shortcut","class":"com.intellij.openapi.editor.actions.BackspaceAction","input_event":"Backspace"},"id":"EditorBackSpace"}}
{"recorder_version":"21","session":"c8287dbc38a6","build":"192.6603.28","bucket":"197","time":1573024784435,"group":{"id":"lifecycle","version":"21"},"event":{"count":1,"data":{"created":1573024784435,"project":"ce81861df292f5aef62deba0ef0a15a4be4c461022f064a7c9055ab182797247"},"id":"frame.deactivated"}}
{"recorder_version":"21","session":"c8287dbc38a6","build":"192.6603.28","bucket":"197","time":1573024785510,"group":{"id":"lifecycle","version":"21"},"event":{"count":1,"data":{"created":1573024785510,"project":"ce81861df292f5aef62deba0ef0a15a4be4c461022f064a7c9055ab182797247"},"id":"frame.activated"}}
{"recorder_version":"21","session":"c8287dbc38a6","build":"192.6603.28","bucket":"197","time":1573024786656,"group":{"id":"productivity","version":"21"},"event":{"count":5,"data":{"last":1573024788385,"created":1573024786656,"plugin_type":"PLATFORM"},"id":"editing.completion.variable.name"}}
{"recorder_version":"21","session":"c8287dbc38a6","build":"192.6603.28","bucket":"197","time":1573024793777,"group":{"id":"lifecycle","version":"21"},"event":{"count":1,"data":{"created":1573024793777,"project":"ce81861df292f5aef62deba0ef0a15a4be4c461022f064a7c9055ab182797247"},"id":"frame.deactivated"}}
{"recorder_version":"21","session":"c8287dbc38a6","build":"192.6603.28","bucket":"197","time":1573024795346,"group":{"id":"lifecycle","version":"21"},"event":{"count":1,"data":{"created":1573024795346,"project":"ce81861df292f5aef62deba0ef0a15a4be4c461022f064a7c9055ab182797247"},"id":"frame.activated"}}
{"recorder_version":"21","session":"c8287dbc38a6","build":"192.6603.28","bucket":"197","time":1573024810010,"group":{"id":"build.tools.actions","version":"1"},"event":{"count":1,"data":{"created":1573024810010},"id":"registered"}}
{"recorder_version":"21","session":"c8287dbc38a6","build":"192.6603.28","bucket":"197","time":1573024810010,"group":{"id":"file.types.usage","version":"21"},"event":{"count":1,"data":{"created":1573024810010},"id":"registered"}}
{"recorder_version":"21","session":"c8287dbc38a6","build":"192.6603.28","bucket":"197","time":1573024810010,"group":{"id":"ide.script.engine","version":"1"},"event":{"count":1,"data":{"created":1573024810010},"id":"registered"}}
{"recorder_version":"21","session":"c8287dbc38a6","build":"192.6603.28","bucket":"197","time":1573024810010,"group":{"id":"actions.runAnything","version":"1"},"event":{"count":1,"data":{"created":1573024810010},"id":"registered"}}
{"recorder_version":"21","session":"c8287dbc38a6","build":"192.6603.28","bucket":"197","time":1573024810010,"group":{"id":"toolwindow","version":"21"},"event":{"count":1,"data":{"created":1573024810011},"id":"registered"}}
{"recorder_version":"21","session":"c8287dbc38a6","build":"192.6603.28","bucket":"197","time":1573024810010,"group":{"id":"kotlin.ide.newFileTempl","version":"1"},"event":{"count":1,"data":{"created":1573024810011},"id":"registered"}}
{"recorder_version":"21","session":"c8287dbc38a6","build":"192.6603.28","bucket":"197","time":1573024810010,"group":{"id":"live.templates","version":"21"},"event":{"count":1,"data":{"created":1573024810011},"id":"registered"}}
{"recorder_version":"21","session":"c8287dbc38a6","build":"192.6603.28","bucket":"197","time":1573024810010,"group":{"id":"ide.self.update","version":"2"},"event":{"count":1,"data":{"created":1573024810011},"id":"registered"}}
{"recorder_version":"21","session":"c8287dbc38a6","build":"192.6603.28","bucket":"197","time":1573024810010,"group":{"id":"ui.settings","version":"21"},"event":{"count":1,"data":{"created":1573024810011},"id":"registered"}}
{"recorder_version":"21","session":"c8287dbc38a6","build":"192.6603.28","bucket":"197","time":1573024810010,"group":{"id":"lifecycle","version":"21"},"event":{"count":1,"data":{"created":1573024810011},"id":"registered"}}
{"recorder_version":"21","session":"c8287dbc38a6","build":"192.6603.28","bucket":"197","time":1573024810010,"group":{"id":"vcs.diff.trigger","version":"1"},"event":{"count":1,"data":{"created":1573024810011},"id":"registered"}}
{"recorder_version":"21","session":"c8287dbc38a6","build":"192.6603.28","bucket":"197","time":1573024810010,"group":{"id":"vcs.log.trigger","version":"2"},"event":{"count":1,"data":{"created":1573024810011},"id":"registered"}}
{"recorder_version":"21","session":"c8287dbc38a6","build":"192.6603.28","bucket":"197","time":1573024810010,"group":{"id":"productivity","version":"21"},"event":{"count":1,"data":{"created":1573024810012},"id":"registered"}}
{"recorder_version":"21","session":"c8287dbc38a6","build":"192.6603.28","bucket":"197","time":1573024810010,"group":{"id":"debugger.breakpoints.usage","version":"2"},"event":{"count":1,"data":{"created":1573024810012},"id":"registered"}}
{"recorder_version":"21","session":"c8287dbc38a6","build":"192.6603.28","bucket":"197","time":1573024810010,"group":{"id":"kotlin.gradle.library","version":"1"},"event":{"count":1,"data":{"created":1573024810012},"id":"registered"}}
{"recorder_version":"21","session":"c8287dbc38a6","build":"192.6603.28","bucket":"197","time":1573024810010,"group":{"id":"find","version":"1"},"event":{"count":1,"data":{"created":1573024810012},"id":"registered"}}
{"recorder_version":"21","session":"c8287dbc38a6","build":"192.6603.28","bucket":"197","time":1573024810010,"group":{"id":"kotlin.gradle.target","version":"1"},"event":{"count":1,"data":{"created":1573024810012},"id":"registered"}}
{"recorder_version":"21","session":"c8287dbc38a6","build":"192.6603.28","bucket":"197","time":1573024810010,"group":{"id":"gutter.icon.click","version":"1"},"event":{"count":1,"data":{"created":1573024810012},"id":"registered"}}
{"recorder_version":"21","session":"c8287dbc38a6","build":"192.6603.28","bucket":"197","time":1573024810010,"group":{"id":"shell.script","version":"1"},"event":{"count":1,"data":{"created":1573024810012},"id":"registered"}}
{"recorder_version":"21","session":"c8287dbc38a6","build":"192.6603.28","bucket":"197","time":1573024810010,"group":{"id":"kotlin.ide.debugger.eval","version":"1"},"event":{"count":1,"data":{"created":1573024810012},"id":"registered"}}
{"recorder_version":"21","session":"c8287dbc38a6","build":"192.6603.28","bucket":"197","time":1573024810010,"group":{"id":"build.maven.actions","version":"1"},"event":{"count":1,"data":{"created":1573024810012},"id":"registered"}}
{"recorder_version":"21","session":"c8287dbc38a6","build":"192.6603.28","bucket":"197","time":1573024810010,"group":{"id":"ui.event","version":"1"},"event":{"count":1,"data":{"created":1573024810013},"id":"registered"}}
{"recorder_version":"21","session":"c8287dbc38a6","build":"192.6603.28","bucket":"197","time":1573024810010,"group":{"id":"new.project.wizard","version":"1"},"event":{"count":1,"data":{"created":1573024810013},"id":"registered"}}
{"recorder_version":"21","session":"c8287dbc38a6","build":"192.6603.28","bucket":"197","time":1573024810010,"group":{"id":"kotlin.ide.npwizards","version":"1"},"event":{"count":1,"data":{"created":1573024810013},"id":"registered"}}
{"recorder_version":"21","session":"c8287dbc38a6","build":"192.6603.28","bucket":"197","time":1573024810010,"group":{"id":"intentions","version":"21"},"event":{"count":1,"data":{"created":1573024810013},"id":"registered"}}
{"recorder_version":"21","session":"c8287dbc38a6","build":"192.6603.28","bucket":"197","time":1573024810010,"group":{"id":"ui.dialogs","version":"21"},"event":{"count":1,"data":{"created":1573024810013},"id":"registered"}}
{"recorder_version":"21","session":"c8287dbc38a6","build":"192.6603.28","bucket":"197","time":1573024810010,"group":{"id":"vcs.back.forward.trigger","version":"1"},"event":{"count":1,"data":{"created":1573024810013},"id":"registered"}}
{"recorder_version":"21","session":"c8287dbc38a6","build":"192.6603.28","bucket":"197","time":1573024810010,"group":{"id":"vcs.change.reminder","version":"1"},"event":{"count":1,"data":{"created":1573024810013},"id":"registered"}}
{"recorder_version":"21","session":"c8287dbc38a6","build":"192.6603.28","bucket":"197","time":1573024810010,"group":{"id":"toolbar","version":"21"},"event":{"count":1,"data":{"created":1573024810013},"id":"registered"}}
{"recorder_version":"21","session":"c8287dbc38a6","build":"192.6603.28","bucket":"197","time":1573024810010,"group":{"id":"build.gradle.actions","version":"1"},"event":{"count":1,"data":{"created":1573024810013},"id":"registered"}}
{"recorder_version":"21","session":"c8287dbc38a6","build":"192.6603.28","bucket":"197","time":1573024810010,"group":{"id":"kotlin.maven.target","version":"1"},"event":{"count":1,"data":{"created":1573024810014},"id":"registered"}}
{"recorder_version":"21","session":"c8287dbc38a6","build":"192.6603.28","bucket":"197","time":1573024810010,"group":{"id":"performance","version":"21"},"event":{"count":1,"data":{"created":1573024810014},"id":"registered"}}
{"recorder_version":"21","session":"c8287dbc38a6","build":"192.6603.28","bucket":"197","time":1573024810010,"group":{"id":"searchEverywhere","version":"1"},"event":{"count":1,"data":{"created":1573024810014},"id":"registered"}}
{"recorder_version":"21","session":"c8287dbc38a6","build":"192.6603.28","bucket":"197","time":1573024810010,"group":{"id":"kotlin.ide.action.refactoring","version":"1"},"event":{"count":1,"data":{"created":1573024810014},"id":"registered"}}
{"recorder_version":"21","session":"c8287dbc38a6","build":"192.6603.28","bucket":"197","time":1573024810010,"group":{"id":"ui.tips","version":"2"},"event":{"count":1,"data":{"created":1573024810014},"id":"registered"}}
{"recorder_version":"21","session":"c8287dbc38a6","build":"192.6603.28","bucket":"197","time":1573024810010,"group":{"id":"surround.with","version":"1"},"event":{"count":1,"data":{"created":1573024810014},"id":"registered"}}
{"recorder_version":"21","session":"c8287dbc38a6","build":"192.6603.28","bucket":"197","time":1573024810010,"group":{"id":"import.old.config","version":"1"},"event":{"count":1,"data":{"created":1573024810015},"id":"registered"}}
{"recorder_version":"21","session":"c8287dbc38a6","build":"192.6603.28","bucket":"197","time":1573024810010,"group":{"id":"json.schema","version":"1"},"event":{"count":1,"data":{"created":1573024810015},"id":"registered"}}
{"recorder_version":"21","session":"c8287dbc38a6","build":"192.6603.28","bucket":"197","time":1573024810010,"group":{"id":"kotlin.jps.target","version":"1"},"event":{"count":1,"data":{"created":1573024810015},"id":"registered"}}
{"recorder_version":"21","session":"c8287dbc38a6","build":"192.6603.28","bucket":"197","time":1573024810010,"group":{"id":"terminalShell","version":"1"},"event":{"count":1,"data":{"created":1573024810015},"id":"registered"}}
{"recorder_version":"21","session":"c8287dbc38a6","build":"192.6603.28","bucket":"197","time":1573024810010,"group":{"id":"completion.postfix","version":"21"},"event":{"count":1,"data":{"created":1573024810015},"id":"registered"}}
{"recorder_version":"21","session":"c8287dbc38a6","build":"192.6603.28","bucket":"197","time":1573024810010,"group":{"id":"build.ant.actions","version":"1"},"event":{"count":1,"data":{"created":1573024810015},"id":"registered"}}
{"recorder_version":"21","session":"c8287dbc38a6","build":"192.6603.28","bucket":"197","time":1573024810010,"group":{"id":"actions","version":"21"},"event":{"count":1,"data":{"created":1573024810016},"id":"registered"}}
{"recorder_version":"21","session":"c8287dbc38a6","build":"192.6603.28","bucket":"197","time":1573024810010,"group":{"id":"event.log","version":"21"},"event":{"count":1,"data":{"created":1573024810016},"id":"registered"}}
{"recorder_version":"21","session":"c8287dbc38a6","build":"192.6603.28","bucket":"197","time":1573024810010,"group":{"id":"run.configuration.exec","version":"21"},"event":{"count":1,"data":{"created":1573024810016},"id":"registered"}}
{"recorder_version":"21","session":"c8287dbc38a6","build":"192.6603.28","bucket":"197","time":1573024810010,"group":{"id":"build.maven.packagesearch","version":"2"},"event":{"count":1,"data":{"created":1573024810016},"id":"registered"}}
{"recorder_version":"21","session":"c8287dbc38a6","build":"192.6603.28","bucket":"197","time":1573024811907,"group":{"id":"performance","version":"21"},"event":{"count":1,"data":{"duration_ms":1,"created":1573024811907},"id":"ui.latency"}}
{"recorder_version":"21","session":"c8287dbc38a6","build":"192.6603.28","bucket":"197","time":1573024814484,"group":{"id":"actions","version":"21"},"event":{"count":1,"data":{"context_menu":true,"current_file":"JAVA","created":1573024814484,"plugin_type":"PLATFORM","project":"ce81861df292f5aef62deba0ef0a15a4be4c461022f064a7c9055ab182797247","place":"EditorPopup","class":"com.intellij.codeInsight.generation.actions.GenerateAction","input_event":"MouseLeft"},"id":"Generate"}}
{"recorder_version":"21","session":"c8287dbc38a6","build":"192.6603.28","bucket":"197","time":1573024816337,"group":{"id":"actions","version":"21"},"event":{"count":1,"data":{"context_menu":false,"plugin":"com.intellij.java","current_file":"JAVA","created":1573024816337,"plugin_type":"JB_BUNDLED","project":"ce81861df292f5aef62deba0ef0a15a4be4c461022f064a7c9055ab182797247","place":"unknown","class":"com.intellij.codeInsight.generation.actions.GenerateGetterAndSetterAction"},"id":"GenerateGetterAndSetter"}}
{"recorder_version":"21","session":"c8287dbc38a6","build":"192.6603.28","bucket":"197","time":1573024816622,"group":{"id":"ui.dialogs","version":"21"},"event":{"count":1,"data":{"plugin":"com.intellij.java","created":1573024816622,"plugin_type":"JB_BUNDLED","type":"show"},"id":"com.intellij.codeInsight.generation.GenerateMembersHandlerBase$2"}}
{"recorder_version":"21","session":"c8287dbc38a6","build":"192.6603.28","bucket":"197","time":1573024819279,"group":{"id":"ui.dialogs","version":"21"},"event":{"count":1,"data":{"code":0,"plugin":"com.intellij.java","created":1573024819279,"plugin_type":"JB_BUNDLED","type":"close"},"id":"com.intellij.codeInsight.generation.GenerateMembersHandlerBase$2"}}
{"recorder_version":"21","session":"c8287dbc38a6","build":"192.6603.28","bucket":"197","time":1573024831806,"group":{"id":"actions","version":"21"},"event":{"count":1,"data":{"context_menu":false,"current_file":"JAVA","created":1573024831806,"plugin_type":"PLATFORM","project":"ce81861df292f5aef62deba0ef0a15a4be4c461022f064a7c9055ab182797247","place":"keyboard_shortcut","class":"com.intellij.openapi.editor.actions.BackspaceAction","input_event":"Backspace"},"id":"EditorBackSpace"}}
{"recorder_version":"21","session":"c8287dbc38a6","build":"192.6603.28","bucket":"197","time":1573024849908,"group":{"id":"file.types.usage","version":"21"},"event":{"count":1,"data":{"plugin":"com.intellij.java","created":1573024849909,"plugin_type":"JB_BUNDLED","project":"ce81861df292f5aef62deba0ef0a15a4be4c461022f064a7c9055ab182797247","type":"edit"},"id":"JAVA"}}
{"recorder_version":"21","session":"c8287dbc38a6","build":"192.6603.28","bucket":"197","time":1573024855711,"group":{"id":"productivity","version":"21"},"event":{"count":4,"data":{"last":1573024856444,"created":1573024855711,"plugin_type":"PLATFORM"},"id":"editing.completion.variable.name"}}
{"recorder_version":"21","session":"c8287dbc38a6","build":"192.6603.28","bucket":"197","time":1573024859380,"group":{"id":"actions","version":"21"},"event":{"count":1,"data":{"context_menu":false,"current_file":"JAVA","created":1573024859380,"plugin_type":"PLATFORM","project":"ce81861df292f5aef62deba0ef0a15a4be4c461022f064a7c9055ab182797247","place":"keyboard_shortcut","class":"com.intellij.openapi.editor.actions.MoveCaretRightAction","input_event":"Right"},"id":"EditorRight"}}
{"recorder_version":"21","session":"c8287dbc38a6","build":"192.6603.28","bucket":"197","time":1573024861286,"group":{"id":"actions","version":"21"},"event":{"count":1,"data":{"context_menu":false,"current_file":"JAVA","created":1573024861286,"plugin_type":"PLATFORM","project":"ce81861df292f5aef62deba0ef0a15a4be4c461022f064a7c9055ab182797247","place":"keyboard_shortcut","class":"com.intellij.openapi.editor.actions.EnterAction","input_event":"Enter"},"id":"EditorEnter"}}
{"recorder_version":"21","session":"c8287dbc38a6","build":"192.6603.28","bucket":"197","time":1573024879545,"group":{"id":"actions","version":"21"},"event":{"count":3,"data":{"context_menu":false,"last":1573024888335,"current_file":"JAVA","created":1573024879546,"plugin_type":"PLATFORM","project":"ce81861df292f5aef62deba0ef0a15a4be4c461022f064a7c9055ab182797247","place":"keyboard_shortcut","class":"com.intellij.openapi.editor.actions.BackspaceAction","input_event":"Backspace"},"id":"EditorBackSpace"}}
{"recorder_version":"21","session":"c8287dbc38a6","build":"192.6603.28","bucket":"197","time":1573024909167,"group":{"id":"actions","version":"21"},"event":{"count":1,"data":{"context_menu":false,"current_file":"JAVA","created":1573024909167,"plugin_type":"PLATFORM","project":"ce81861df292f5aef62deba0ef0a15a4be4c461022f064a7c9055ab182797247","place":"keyboard_shortcut","class":"com.intellij.openapi.editor.actions.BackspaceAction","input_event":"Backspace"},"id":"EditorBackSpace"}}
{"recorder_version":"21","session":"c8287dbc38a6","build":"192.6603.28","bucket":"197","time":1573024912003,"group":{"id":"performance","version":"21"},"event":{"count":1,"data":{"duration_ms":0,"created":1573024912003},"id":"ui.latency"}}
{"recorder_version":"21","session":"c8287dbc38a6","build":"192.6603.28","bucket":"197","time":1573024912851,"group":{"id":"actions","version":"21"},"event":{"count":1,"data":{"context_menu":false,"current_file":"JAVA","created":1573024912851,"plugin_type":"PLATFORM","project":"ce81861df292f5aef62deba0ef0a15a4be4c461022f064a7c9055ab182797247","place":"keyboard_shortcut","class":"com.intellij.openapi.editor.actions.BackspaceAction","input_event":"Backspace"},"id":"EditorBackSpace"}}
{"recorder_version":"21","session":"c8287dbc38a6","build":"192.6603.28","bucket":"197","time":1573024916528,"group":{"id":"file.types.usage","version":"21"},"event":{"count":1,"data":{"plugin":"com.intellij.java","created":1573024916528,"plugin_type":"JB_BUNDLED","project":"ce81861df292f5aef62deba0ef0a15a4be4c461022f064a7c9055ab182797247","type":"edit"},"id":"JAVA"}}
{"recorder_version":"21","session":"c8287dbc38a6","build":"192.6603.28","bucket":"197","time":1573024921520,"group":{"id":"actions","version":"21"},"event":{"count":1,"data":{"context_menu":false,"current_file":"JAVA","created":1573024921520,"plugin_type":"PLATFORM","project":"ce81861df292f5aef62deba0ef0a15a4be4c461022f064a7c9055ab182797247","place":"keyboard_shortcut","class":"com.intellij.openapi.editor.actions.MoveCaretUpAction","input_event":"Up"},"id":"EditorUp"}}
{"recorder_version":"21","session":"c8287dbc38a6","build":"192.6603.28","bucket":"197","time":1573024922028,"group":{"id":"actions","version":"21"},"event":{"count":1,"data":{"context_menu":false,"current_file":"JAVA","created":1573024922028,"plugin_type":"PLATFORM","project":"ce81861df292f5aef62deba0ef0a15a4be4c461022f064a7c9055ab182797247","place":"keyboard_shortcut","class":"com.intellij.openapi.editor.actions.MoveCaretDownAction","input_event":"Down"},"id":"EditorDown"}}
{"recorder_version":"21","session":"c8287dbc38a6","build":"192.6603.28","bucket":"197","time":1573024923003,"group":{"id":"actions","version":"21"},"event":{"count":1,"data":{"context_menu":false,"current_file":"JAVA","created":1573024923003,"plugin_type":"PLATFORM","project":"ce81861df292f5aef62deba0ef0a15a4be4c461022f064a7c9055ab182797247","place":"keyboard_shortcut","class":"com.intellij.openapi.editor.actions.MoveCaretUpAction","input_event":"Up"},"id":"EditorUp"}}
{"recorder_version":"21","session":"c8287dbc38a6","build":"192.6603.28","bucket":"197","time":1573024923490,"group":{"id":"actions","version":"21"},"event":{"count":7,"data":{"context_menu":false,"last":1573024925642,"current_file":"JAVA","created":1573024923490,"plugin_type":"PLATFORM","project":"ce81861df292f5aef62deba0ef0a15a4be4c461022f064a7c9055ab182797247","place":"keyboard_shortcut","class":"com.intellij.openapi.editor.actions.MoveCaretLeftAction","input_event":"Left"},"id":"EditorLeft"}}
{"recorder_version":"21","session":"c8287dbc38a6","build":"192.6603.28","bucket":"197","time":1573024958720,"group":{"id":"actions","version":"21"},"event":{"count":2,"data":{"context_menu":false,"last":1573024961733,"current_file":"JAVA","created":1573024958720,"plugin_type":"PLATFORM","project":"ce81861df292f5aef62deba0ef0a15a4be4c461022f064a7c9055ab182797247","place":"keyboard_shortcut","class":"com.intellij.openapi.editor.actions.BackspaceAction","input_event":"Backspace"},"id":"EditorBackSpace"}}
{"recorder_version":"21","session":"c8287dbc38a6","build":"192.6603.28","bucket":"197","time":1573024972315,"group":{"id":"actions","version":"21"},"event":{"count":1,"data":{"context_menu":true,"parent":"com.intellij.execution.lineMarker.LineMarkerActionWrapper","current_file":"JAVA","created":1573024972315,"plugin_type":"PLATFORM","project":"ce81861df292f5aef62deba0ef0a15a4be4c461022f064a7c9055ab182797247","place":"ICON_NAVIGATION_SECONDARY_BUTTON","class":"com.intellij.execution.lineMarker.ExecutorAction","input_event":"MouseLeft"},"id":"com.intellij.execution.lineMarker.ExecutorAction"}}
{"recorder_version":"21","session":"c8287dbc38a6","build":"192.6603.28","bucket":"197","time":1573024972370,"group":{"id":"run.configuration.exec","version":"21"},"event":{"count":1,"data":{"plugin":"com.intellij.java","executor":"Run","created":1573024972370,"plugin_type":"JB_BUNDLED","project":"ce81861df292f5aef62deba0ef0a15a4be4c461022f064a7c9055ab182797247"},"id":"Application"}}
{"recorder_version":"21","session":"c8287dbc38a6","build":"192.6603.28","bucket":"197","time":1573024973932,"group":{"id":"toolwindow","version":"21"},"event":{"count":1,"data":{"os":"Windows","created":1573024973932,"plugin_type":"PLATFORM"},"id":"Messages"}}
{"recorder_version":"21","session":"c8287dbc38a6","build":"192.6603.28","bucket":"197","time":1573024993719,"group":{"id":"actions","version":"21"},"event":{"count":1,"data":{"context_menu":false,"current_file":"JAVA","created":1573024993719,"plugin_type":"PLATFORM","project":"ce81861df292f5aef62deba0ef0a15a4be4c461022f064a7c9055ab182797247","place":"unknown","class":"com.intellij.xdebugger.impl.actions.ToggleLineBreakpointAction","input_event":"MouseLeft"},"id":"ToggleLineBreakpoint"}}
{"recorder_version":"21","session":"c8287dbc38a6","build":"192.6603.28","bucket":"197","time":1573024994898,"group":{"id":"actions","version":"21"},"event":{"count":1,"data":{"context_menu":true,"parent":"com.intellij.execution.lineMarker.LineMarkerActionWrapper","current_file":"JAVA","created":1573024994899,"plugin_type":"PLATFORM","project":"ce81861df292f5aef62deba0ef0a15a4be4c461022f064a7c9055ab182797247","place":"ICON_NAVIGATION_SECONDARY_BUTTON","class":"com.intellij.execution.lineMarker.ExecutorAction","input_event":"MouseLeft"},"id":"com.intellij.execution.lineMarker.ExecutorAction"}}
{"recorder_version":"21","session":"c8287dbc38a6","build":"192.6603.28","bucket":"197","time":1573024994951,"group":{"id":"run.configuration.exec","version":"21"},"event":{"count":1,"data":{"plugin":"com.intellij.java","executor":"Run","created":1573024994952,"plugin_type":"JB_BUNDLED","project":"ce81861df292f5aef62deba0ef0a15a4be4c461022f064a7c9055ab182797247"},"id":"Application"}}
{"recorder_version":"21","session":"c8287dbc38a6","build":"192.6603.28","bucket":"197","time":1573024996413,"group":{"id":"toolwindow","version":"21"},"event":{"count":1,"data":{"os":"Windows","created":1573024996413,"plugin_type":"PLATFORM"},"id":"Messages"}}
{"recorder_version":"21","session":"c8287dbc38a6","build":"192.6603.28","bucket":"197","time":1573024996829,"group":{"id":"file.types.usage","version":"21"},"event":{"count":1,"data":{"plugin":"com.intellij.java","created":1573024996829,"plugin_type":"JB_BUNDLED","project":"ce81861df292f5aef62deba0ef0a15a4be4c461022f064a7c9055ab182797247","type":"open"},"id":"JAVA"}}
{"recorder_version":"21","session":"c8287dbc38a6","build":"192.6603.28","bucket":"197","time":1573025007767,"group":{"id":"actions","version":"21"},"event":{"count":1,"data":{"context_menu":true,"parent":"com.intellij.execution.lineMarker.LineMarkerActionWrapper","current_file":"JAVA","created":1573025007767,"plugin_type":"PLATFORM","project":"ce81861df292f5aef62deba0ef0a15a4be4c461022f064a7c9055ab182797247","place":"ICON_NAVIGATION_SECONDARY_BUTTON","class":"com.intellij.execution.lineMarker.ExecutorAction","input_event":"MouseLeft"},"id":"com.intellij.execution.lineMarker.ExecutorAction"}}
{"recorder_version":"21","session":"c8287dbc38a6","build":"192.6603.28","bucket":"197","time":1573025007820,"group":{"id":"run.configuration.exec","version":"21"},"event":{"count":1,"data":{"plugin":"com.intellij.java","executor":"Run","created":1573025007821,"plugin_type":"JB_BUNDLED","project":"ce81861df292f5aef62deba0ef0a15a4be4c461022f064a7c9055ab182797247"},"id":"Application"}}
{"recorder_version":"21","session":"c8287dbc38a6","build":"192.6603.28","bucket":"197","time":1573025009344,"group":{"id":"toolwindow","version":"21"},"event":{"count":1,"data":{"os":"Windows","created":1573025009344,"plugin_type":"PLATFORM"},"id":"Messages"}}
{"recorder_version":"21","session":"c8287dbc38a6","build":"192.6603.28","bucket":"197","time":1573025012113,"group":{"id":"performance","version":"21"},"event":{"count":1,"data":{"duration_ms":0,"created":1573025012113},"id":"ui.latency"}}
{"recorder_version":"21","session":"c8287dbc38a6","build":"192.6603.28","bucket":"197","time":1573025016426,"group":{"id":"toolwindow","version":"21"},"event":{"count":1,"data":{"os":"Windows","created":1573025016426,"plugin_type":"PLATFORM"},"id":"Project"}}
{"recorder_version":"21","session":"c8287dbc38a6","build":"192.6603.28","bucket":"197","time":1573025040612,"group":{"id":"file.types.usage","version":"21"},"event":{"count":1,"data":{"plugin":"com.intellij.java","created":1573025040612,"plugin_type":"JB_BUNDLED","project":"ce81861df292f5aef62deba0ef0a15a4be4c461022f064a7c9055ab182797247","type":"edit"},"id":"JAVA"}}
{"recorder_version":"21","session":"c8287dbc38a6","build":"192.6603.28","bucket":"197","time":1573025042270,"group":{"id":"productivity","version":"21"},"event":{"count":1,"data":{"created":1573025042270,"plugin_type":"PLATFORM"},"id":"codeassists.highlight.throws"}}
{"recorder_version":"21","session":"c8287dbc38a6","build":"192.6603.28","bucket":"197","time":1573025079931,"group":{"id":"productivity","version":"21"},"event":{"count":1,"data":{"created":1573025079931,"plugin_type":"PLATFORM"},"id":"codeassists.highlight.throws"}}
{"recorder_version":"21","session":"c8287dbc38a6","build":"192.6603.28","bucket":"197","time":1573025082067,"group":{"id":"actions","version":"21"},"event":{"count":1,"data":{"context_menu":false,"current_file":"JAVA","created":1573025082067,"plugin_type":"PLATFORM","project":"ce81861df292f5aef62deba0ef0a15a4be4c461022f064a7c9055ab182797247","place":"keyboard_shortcut","class":"com.intellij.openapi.editor.actions.EnterAction","input_event":"Enter"},"id":"EditorEnter"}}
{"recorder_version":"21","session":"c8287dbc38a6","build":"192.6603.28","bucket":"197","time":1573025106110,"group":{"id":"productivity","version":"21"},"event":{"count":1,"data":{"created":1573025106110,"plugin_type":"PLATFORM"},"id":"codeassists.highlight.throws"}}
{"recorder_version":"21","session":"c8287dbc38a6","build":"192.6603.28","bucket":"197","time":1573025107364,"group":{"id":"file.types.usage","version":"21"},"event":{"count":1,"data":{"plugin":"com.intellij.java","created":1573025107364,"plugin_type":"JB_BUNDLED","project":"ce81861df292f5aef62deba0ef0a15a4be4c461022f064a7c9055ab182797247","type":"edit"},"id":"JAVA"}}
{"recorder_version":"21","session":"c8287dbc38a6","build":"192.6603.28","bucket":"197","time":1573025112218,"group":{"id":"performance","version":"21"},"event":{"count":1,"data":{"duration_ms":0,"created":1573025112218},"id":"ui.latency"}}
{"recorder_version":"21","session":"c8287dbc38a6","build":"192.6603.28","bucket":"197","time":1573025120400,"group":{"id":"actions","version":"21"},"event":{"count":1,"data":{"context_menu":false,"current_file":"JAVA","created":1573025120401,"plugin_type":"PLATFORM","project":"ce81861df292f5aef62deba0ef0a15a4be4c461022f064a7c9055ab182797247","place":"keyboard_shortcut","class":"com.intellij.openapi.editor.actions.BackspaceAction","input_event":"Shift+Backspace"},"id":"EditorBackSpace"}}
{"recorder_version":"21","session":"c8287dbc38a6","build":"192.6603.28","bucket":"197","time":1573025129203,"group":{"id":"actions","version":"21"},"event":{"count":1,"data":{"context_menu":false,"current_file":"JAVA","created":1573025129204,"plugin_type":"PLATFORM","project":"ce81861df292f5aef62deba0ef0a15a4be4c461022f064a7c9055ab182797247","place":"keyboard_shortcut","class":"com.intellij.codeInsight.lookup.impl.actions.ChooseItemAction$FocusedOnly","input_event":"Enter"},"id":"EditorChooseLookupItem"}}
{"recorder_version":"21","session":"c8287dbc38a6","build":"192.6603.28","bucket":"197","time":1573025129224,"group":{"id":"productivity","version":"21"},"event":{"count":1,"data":{"created":1573025129224,"plugin_type":"PLATFORM"},"id":"editing.completion.basic"}}
{"recorder_version":"21","session":"c8287dbc38a6","build":"192.6603.28","bucket":"197","time":1573025132953,"group":{"id":"productivity","version":"21"},"event":{"count":1,"data":{"created":1573025132953,"plugin_type":"PLATFORM"},"id":"editing.completion.variable.name"}}
{"recorder_version":"21","session":"c8287dbc38a6","build":"192.6603.28","bucket":"197","time":1573025134100,"group":{"id":"actions","version":"21"},"event":{"count":2,"data":{"context_menu":false,"last":1573025134483,"current_file":"JAVA","created":1573025134101,"plugin_type":"PLATFORM","project":"ce81861df292f5aef62deba0ef0a15a4be4c461022f064a7c9055ab182797247","place":"keyboard_shortcut","class":"com.intellij.openapi.editor.actions.MoveCaretRightAction","input_event":"Right"},"id":"EditorRight"}}
{"recorder_version":"21","session":"c8287dbc38a6","build":"192.6603.28","bucket":"197","time":1573025135285,"group":{"id":"actions","version":"21"},"event":{"count":1,"data":{"context_menu":false,"current_file":"JAVA","created":1573025135285,"plugin_type":"PLATFORM","project":"ce81861df292f5aef62deba0ef0a15a4be4c461022f064a7c9055ab182797247","place":"keyboard_shortcut","class":"com.intellij.openapi.editor.actions.EnterAction","input_event":"Enter"},"id":"EditorEnter"}}
{"recorder_version":"21","session":"c8287dbc38a6","build":"192.6603.28","bucket":"197","time":1573025212325,"group":{"id":"performance","version":"21"},"event":{"count":1,"data":{"duration_ms":13,"created":1573025212325},"id":"ui.latency"}}
{"recorder_version":"21","session":"c8287dbc38a6","build":"192.6603.28","bucket":"197","time":1573025219646,"group":{"id":"file.types.usage","version":"21"},"event":{"count":1,"data":{"plugin":"com.intellij.java","created":1573025219646,"plugin_type":"JB_BUNDLED","project":"ce81861df292f5aef62deba0ef0a15a4be4c461022f064a7c9055ab182797247","type":"edit"},"id":"JAVA"}}
{"recorder_version":"21","session":"c8287dbc38a6","build":"192.6603.28","bucket":"197","time":1573025240210,"group":{"id":"actions","version":"21"},"event":{"count":1,"data":{"context_menu":false,"current_file":"JAVA","created":1573025240210,"plugin_type":"PLATFORM","project":"ce81861df292f5aef62deba0ef0a15a4be4c461022f064a7c9055ab182797247","place":"keyboard_shortcut","class":"com.intellij.openapi.editor.actions.BackspaceAction","input_event":"Backspace"},"id":"EditorBackSpace"}}
{"recorder_version":"21","session":"c8287dbc38a6","build":"192.6603.28","bucket":"197","time":1573025242270,"group":{"id":"actions","version":"21"},"event":{"count":1,"data":{"context_menu":false,"current_file":"JAVA","created":1573025242270,"plugin_type":"PLATFORM","project":"ce81861df292f5aef62deba0ef0a15a4be4c461022f064a7c9055ab182797247","place":"keyboard_shortcut","class":"com.intellij.openapi.editor.actions.MoveCaretRightAction","input_event":"Right"},"id":"EditorRight"}}
{"recorder_version":"21","session":"c8287dbc38a6","build":"192.6603.28","bucket":"197","time":1573025295202,"group":{"id":"actions","version":"21"},"event":{"count":1,"data":{"context_menu":false,"current_file":"JAVA","created":1573025295202,"plugin_type":"PLATFORM","project":"ce81861df292f5aef62deba0ef0a15a4be4c461022f064a7c9055ab182797247","place":"keyboard_shortcut","class":"com.intellij.openapi.editor.actions.EnterAction","input_event":"Enter"},"id":"EditorEnter"}}
{"recorder_version":"21","session":"c8287dbc38a6","build":"192.6603.28","bucket":"197","time":1573025299232,"group":{"id":"file.types.usage","version":"21"},"event":{"count":1,"data":{"plugin":"com.intellij.java","created":1573025299232,"plugin_type":"JB_BUNDLED","project":"ce81861df292f5aef62deba0ef0a15a4be4c461022f064a7c9055ab182797247","type":"edit"},"id":"JAVA"}}
{"recorder_version":"21","session":"c8287dbc38a6","build":"192.6603.28","bucket":"197","time":1573025304162,"group":{"id":"actions","version":"21"},"event":{"count":5,"data":{"context_menu":false,"last":1573025309780,"current_file":"JAVA","created":1573025304162,"plugin_type":"PLATFORM","project":"ce81861df292f5aef62deba0ef0a15a4be4c461022f064a7c9055ab182797247","place":"keyboard_shortcut","class":"com.intellij.openapi.editor.actions.BackspaceAction","input_event":"Backspace"},"id":"EditorBackSpace"}}
{"recorder_version":"21","session":"c8287dbc38a6","build":"192.6603.28","bucket":"197","time":1573025312398,"group":{"id":"performance","version":"21"},"event":{"count":1,"data":{"duration_ms":0,"created":1573025312405},"id":"ui.latency"}}
{"recorder_version":"21","session":"c8287dbc38a6","build":"192.6603.28","bucket":"197","time":1573025325889,"group":{"id":"actions","version":"21"},"event":{"count":1,"data":{"context_menu":false,"current_file":"JAVA","created":1573025325889,"plugin_type":"PLATFORM","project":"ce81861df292f5aef62deba0ef0a15a4be4c461022f064a7c9055ab182797247","place":"keyboard_shortcut","class":"com.intellij.openapi.editor.actions.MoveCaretRightAction","input_event":"Right"},"id":"EditorRight"}}
{"recorder_version":"21","session":"c8287dbc38a6","build":"192.6603.28","bucket":"197","time":1573025346066,"group":{"id":"actions","version":"21"},"event":{"count":8,"data":{"context_menu":false,"last":1573025356198,"current_file":"JAVA","created":1573025346067,"plugin_type":"PLATFORM","project":"ce81861df292f5aef62deba0ef0a15a4be4c461022f064a7c9055ab182797247","place":"keyboard_shortcut","class":"com.intellij.openapi.editor.actions.BackspaceAction","input_event":"Backspace"},"id":"EditorBackSpace"}}
{"recorder_version":"21","session":"c8287dbc38a6","build":"192.6603.28","bucket":"197","time":1573025364267,"group":{"id":"actions","version":"21"},"event":{"count":1,"data":{"context_menu":true,"parent":"com.intellij.execution.lineMarker.LineMarkerActionWrapper","current_file":"JAVA","created":1573025364267,"plugin_type":"PLATFORM","project":"ce81861df292f5aef62deba0ef0a15a4be4c461022f064a7c9055ab182797247","place":"ICON_NAVIGATION_SECONDARY_BUTTON","class":"com.intellij.execution.lineMarker.ExecutorAction","input_event":"MouseLeft"},"id":"com.intellij.execution.lineMarker.ExecutorAction"}}
{"recorder_version":"21","session":"c8287dbc38a6","build":"192.6603.28","bucket":"197","time":1573025364320,"group":{"id":"run.configuration.exec","version":"21"},"event":{"count":1,"data":{"plugin":"com.intellij.java","executor":"Run","created":1573025364320,"plugin_type":"JB_BUNDLED","project":"ce81861df292f5aef62deba0ef0a15a4be4c461022f064a7c9055ab182797247"},"id":"Application"}}
{"recorder_version":"21","session":"c8287dbc38a6","build":"192.6603.28","bucket":"197","time":1573025366741,"group":{"id":"performance","version":"21"},"event":{"count":1,"data":{"duration_ms":298,"created":1573025366741},"id":"ui.lagging"}}
{"recorder_version":"21","session":"c8287dbc38a6","build":"192.6603.28","bucket":"197","time":1573025366746,"group":{"id":"toolwindow","version":"21"},"event":{"count":1,"data":{"os":"Windows","created":1573025366746,"plugin_type":"PLATFORM"},"id":"Run"}}
{"recorder_version":"21","session":"c8287dbc38a6","build":"192.6603.28","bucket":"197","time":1573025395858,"group":{"id":"actions","version":"21"},"event":{"count":1,"data":{"context_menu":true,"parent":"com.intellij.execution.lineMarker.LineMarkerActionWrapper","current_file":"JAVA","created":1573025395858,"plugin_type":"PLATFORM","project":"ce81861df292f5aef62deba0ef0a15a4be4c461022f064a7c9055ab182797247","place":"ICON_NAVIGATION_SECONDARY_BUTTON","class":"com.intellij.execution.lineMarker.ExecutorAction","input_event":"MouseLeft"},"id":"com.intellij.execution.lineMarker.ExecutorAction"}}
{"recorder_version":"21","session":"c8287dbc38a6","build":"192.6603.28","bucket":"197","time":1573025395912,"group":{"id":"run.configuration.exec","version":"21"},"event":{"count":1,"data":{"plugin":"com.intellij.java","executor":"Run","created":1573025395913,"plugin_type":"JB_BUNDLED","project":"ce81861df292f5aef62deba0ef0a15a4be4c461022f064a7c9055ab182797247"},"id":"Application"}}
{"recorder_version":"21","session":"c8287dbc38a6","build":"192.6603.28","bucket":"197","time":1573025396322,"group":{"id":"toolwindow","version":"21"},"event":{"count":1,"data":{"os":"Windows","created":1573025396322,"plugin_type":"PLATFORM"},"id":"Run"}}
{"recorder_version":"21","session":"c8287dbc38a6","build":"192.6603.28","bucket":"197","time":1573025409953,"group":{"id":"vcs.diff","version":"2"},"event":{"state":true,"data":{"created":1573025409953},"id":"invoked"}}
{"recorder_version":"21","session":"c8287dbc38a6","build":"192.6603.28","bucket":"197","time":1573025409956,"group":{"id":"ui.accessibility.screen.reader","version":"1"},"event":{"state":true,"data":{"os":"Windows","created":1573025409956},"id":"screen.reader.DISABLED"}}
{"recorder_version":"21","session":"c8287dbc38a6","build":"192.6603.28","bucket":"197","time":1573025409956,"group":{"id":"ui.accessibility.screen.reader","version":"1"},"event":{"state":true,"data":{"created":1573025409956},"id":"invoked"}}
{"recorder_version":"21","session":"c8287dbc38a6","build":"192.6603.28","bucket":"197","time":1573025409956,"group":{"id":"user.advanced.info","version":"2"},"event":{"state":true,"data":{"created":1573025409956,"value":"release"},"id":"build"}}
{"recorder_version":"21","session":"c8287dbc38a6","build":"192.6603.28","bucket":"197","time":1573025409956,"group":{"id":"user.advanced.info","version":"2"},"event":{"state":true,"data":{"created":1573025409957},"id":"release"}}
{"recorder_version":"21","session":"c8287dbc38a6","build":"192.6603.28","bucket":"197","time":1573025409956,"group":{"id":"user.advanced.info","version":"2"},"event":{"state":true,"data":{"created":1573025409957},"id":"invoked"}}
{"recorder_version":"21","session":"c8287dbc38a6","build":"192.6603.28","bucket":"197","time":1573025409956,"group":{"id":"os.linux.wm","version":"1"},"event":{"state":true,"data":{"created":1573025409957},"id":"invoked"}}
{"recorder_version":"21","session":"c8287dbc38a6","build":"192.6603.28","bucket":"197","time":1573025409960,"group":{"id":"platform.registry.application","version":"1"},"event":{"state":true,"data":{"created":1573025409960,"plugin_type":"PLATFORM"},"id":"recent.and.edited.files.together"}}
{"recorder_version":"21","session":"c8287dbc38a6","build":"192.6603.28","bucket":"197","time":1573025409960,"group":{"id":"platform.registry.application","version":"1"},"event":{"state":true,"data":{"created":1573025409960,"plugin_type":"PLATFORM"},"id":"inline.browse.button"}}
{"recorder_version":"21","session":"c8287dbc38a6","build":"192.6603.28","bucket":"197","time":1573025409960,"group":{"id":"platform.registry.application","version":"1"},"event":{"state":true,"data":{"created":1573025409961,"plugin_type":"PLATFORM"},"id":"show.create.new.element.in.popup"}}
{"recorder_version":"21","session":"c8287dbc38a6","build":"192.6603.28","bucket":"197","time":1573025409960,"group":{"id":"platform.registry.application","version":"1"},"event":{"state":true,"data":{"created":1573025409961,"plugin_type":"PLATFORM"},"id":"property.value.inplace.editing"}}
{"recorder_version":"21","session":"c8287dbc38a6","build":"192.6603.28","bucket":"197","time":1573025409960,"group":{"id":"platform.registry.application","version":"1"},"event":{"state":true,"data":{"created":1573025409961,"plugin_type":"PLATFORM"},"id":"linux.native.menu"}}
{"recorder_version":"21","session":"c8287dbc38a6","build":"192.6603.28","bucket":"197","time":1573025409960,"group":{"id":"platform.registry.application","version":"1"},"event":{"state":true,"data":{"created":1573025409961,"plugin_type":"PLATFORM"},"id":"new.large.text.file.viewer"}}
{"recorder_version":"21","session":"c8287dbc38a6","build":"192.6603.28","bucket":"197","time":1573025409960,"group":{"id":"platform.registry.application","version":"1"},"event":{"state":true,"data":{"created":1573025409962},"id":"invoked"}}
{"recorder_version":"21","session":"c8287dbc38a6","build":"192.6603.28","bucket":"197","time":1573025409961,"group":{"id":"ui.info.features","version":"2"},"event":{"state":true,"data":{"os":"Windows","created":1573025409962},"id":"Allow.merging.buttons.enabled"}}
{"recorder_version":"21","session":"c8287dbc38a6","build":"192.6603.28","bucket":"197","time":1573025409961,"group":{"id":"ui.info.features","version":"2"},"event":{"state":true,"data":{"os":"Windows","created":1573025409962},"id":"QuickDoc.AutoUpdate"}}
{"recorder_version":"21","session":"c8287dbc38a6","build":"192.6603.28","bucket":"197","time":1573025409961,"group":{"id":"ui.info.features","version":"2"},"event":{"state":true,"data":{"os":"Windows","created":1573025409962},"id":"validation.unmatched_rule"}}
{"recorder_version":"21","session":"c8287dbc38a6","build":"192.6603.28","bucket":"197","time":1573025409961,"group":{"id":"ui.info.features","version":"2"},"event":{"state":true,"data":{"grouped":"[30_50]","os":"Windows","created":1573025409962},"id":"recent.files"}}
{"recorder_version":"21","session":"c8287dbc38a6","build":"192.6603.28","bucket":"197","time":1573025409961,"group":{"id":"ui.info.features","version":"2"},"event":{"state":true,"data":{"os":"Windows","created":1573025409962},"id":"Line.Numbers"}}
{"recorder_version":"21","session":"c8287dbc38a6","build":"192.6603.28","bucket":"197","time":1573025409961,"group":{"id":"ui.info.features","version":"2"},"event":{"state":true,"data":{"os":"Windows","created":1573025409962},"id":"Tabs.Top"}}
{"recorder_version":"21","session":"c8287dbc38a6","build":"192.6603.28","bucket":"197","time":1573025409961,"group":{"id":"ui.info.features","version":"2"},"event":{"state":true,"data":{"os":"Windows","created":1573025409962},"id":"Nav.Bar.visible"}}
{"recorder_version":"21","session":"c8287dbc38a6","build":"192.6603.28","bucket":"197","time":1573025409961,"group":{"id":"ui.info.features","version":"2"},"event":{"state":true,"data":{"os":"Windows","created":1573025409963},"id":"validation.unmatched_rule"}}
{"recorder_version":"21","session":"c8287dbc38a6","build":"192.6603.28","bucket":"197","time":1573025409961,"group":{"id":"ui.info.features","version":"2"},"event":{"state":true,"data":{"os":"Windows","created":1573025409963},"id":"Recent.Files[30_50]"}}
{"recorder_version":"21","session":"c8287dbc38a6","build":"192.6603.28","bucket":"197","time":1573025409961,"group":{"id":"ui.info.features","version":"2"},"event":{"state":true,"data":{"os":"Windows","created":1573025409963},"id":"Status.bar.visible"}}
{"recorder_version":"21","session":"c8287dbc38a6","build":"192.6603.28","bucket":"197","time":1573025409961,"group":{"id":"ui.info.features","version":"2"},"event":{"state":true,"data":{"os":"Windows","created":1573025409963},"id":"Tool.Window.buttons.hidden"}}
{"recorder_version":"21","session":"c8287dbc38a6","build":"192.6603.28","bucket":"197","time":1573025409961,"group":{"id":"ui.info.features","version":"2"},"event":{"state":true,"data":{"os":"Windows","created":1573025409963},"id":"Gutter.Icons"}}
{"recorder_version":"21","session":"c8287dbc38a6","build":"192.6603.28","bucket":"197","time":1573025409961,"group":{"id":"ui.info.features","version":"2"},"event":{"state":true,"data":{"os":"Windows","created":1573025409963},"id":"Show.tips.on.startup"}}
{"recorder_version":"21","session":"c8287dbc38a6","build":"192.6603.28","bucket":"197","time":1573025409961,"group":{"id":"ui.info.features","version":"2"},"event":{"state":true,"data":{"os":"Windows","created":1573025409963},"id":"Toolbar.hidden"}}
{"recorder_version":"21","session":"c8287dbc38a6","build":"192.6603.28","bucket":"197","time":1573025409961,"group":{"id":"ui.info.features","version":"2"},"event":{"state":true,"data":{"os":"Windows","created":1573025409963},"id":"Toolbar.and.NavBar"}}
{"recorder_version":"21","session":"c8287dbc38a6","build":"192.6603.28","bucket":"197","time":1573025409961,"group":{"id":"ui.info.features","version":"2"},"event":{"state":true,"data":{"created":1573025409964},"id":"invoked"}}
{"recorder_version":"21","session":"c8287dbc38a6","build":"192.6603.28","bucket":"197","time":1573025409962,"group":{"id":"ui.look.and.feel","version":"1"},"event":{"state":true,"data":{"os":"Windows","created":1573025409964},"id":"Darcula"}}
{"recorder_version":"21","session":"c8287dbc38a6","build":"192.6603.28","bucket":"197","time":1573025409962,"group":{"id":"ui.look.and.feel","version":"1"},"event":{"state":true,"data":{"created":1573025409964},"id":"invoked"}}
{"recorder_version":"21","session":"c8287dbc38a6","build":"192.6603.28","bucket":"197","time":1573025409962,"group":{"id":"plugins","version":"1"},"event":{"state":true,"data":{"created":1573025409964},"id":"invoked"}}
{"recorder_version":"21","session":"c8287dbc38a6","build":"192.6603.28","bucket":"197","time":1573025409965,"group":{"id":"debugger.settings.ide","version":"2"},"event":{"state":true,"data":{"created":1573025409965},"id":"invoked"}}
{"recorder_version":"21","session":"c8287dbc38a6","build":"192.6603.28","bucket":"197","time":1573025409983,"group":{"id":"vcs.github","version":"1"},"event":{"state":true,"data":{"created":1573025409983},"id":"github.accounts.not.default.host.disabled"}}
{"recorder_version":"21","session":"c8287dbc38a6","build":"192.6603.28","bucket":"197","time":1573025409983,"group":{"id":"vcs.github","version":"1"},"event":{"state":true,"data":{"created":1573025409984},"id":"github.accounts.count.1"}}
{"recorder_version":"21","session":"c8287dbc38a6","build":"192.6603.28","bucket":"197","time":1573025409983,"group":{"id":"vcs.github","version":"1"},"event":{"state":true,"data":{"created":1573025409984},"id":"invoked"}}
{"recorder_version":"21","session":"c8287dbc38a6","build":"192.6603.28","bucket":"197","time":1573025409983,"group":{"id":"ui.hidpi.mode","version":"1"},"event":{"state":true,"data":{"os":"Windows","created":1573025409984},"id":"per_monitor_dpi"}}
{"recorder_version":"21","session":"c8287dbc38a6","build":"192.6603.28","bucket":"197","time":1573025409983,"group":{"id":"ui.hidpi.mode","version":"1"},"event":{"state":true,"data":{"created":1573025409984},"id":"invoked"}}
{"recorder_version":"21","session":"c8287dbc38a6","build":"192.6603.28","bucket":"197","time":1573025409999,"group":{"id":"editor.settings.ide","version":"2"},"event":{"state":true,"data":{"created":1573025409999},"id":"invoked"}}
{"recorder_version":"21","session":"c8287dbc38a6","build":"192.6603.28","bucket":"197","time":1573025410000,"group":{"id":"ui.fonts","version":"1"},"event":{"state":true,"data":{"os":"Windows","created":1573025410000},"id":"UI.font.name[Microsoft_YaHei_UI]"}}
{"recorder_version":"21","session":"c8287dbc38a6","build":"192.6603.28","bucket":"197","time":1573025410000,"group":{"id":"ui.fonts","version":"1"},"event":{"state":true,"data":{"os":"Windows","created":1573025410000},"id":"IDE.editor.font.size[13]"}}
{"recorder_version":"21","session":"c8287dbc38a6","build":"192.6603.28","bucket":"197","time":1573025410000,"group":{"id":"ui.fonts","version":"1"},"event":{"state":true,"data":{"os":"Windows","created":1573025410000},"id":"IDE.editor.font.name[Consolas]"}}
{"recorder_version":"21","session":"c8287dbc38a6","build":"192.6603.28","bucket":"197","time":1573025410000,"group":{"id":"ui.fonts","version":"1"},"event":{"state":true,"data":{"os":"Windows","created":1573025410000,"value":1.2},"id":"editor.lineSpacing"}}
{"recorder_version":"21","session":"c8287dbc38a6","build":"192.6603.28","bucket":"197","time":1573025410000,"group":{"id":"ui.fonts","version":"1"},"event":{"state":true,"data":{"os":"Windows","created":1573025410001},"id":"UI.font.size[12]"}}
{"recorder_version":"21","session":"c8287dbc38a6","build":"192.6603.28","bucket":"197","time":1573025410000,"group":{"id":"ui.fonts","version":"1"},"event":{"state":true,"data":{"os":"Windows","created":1573025410001},"id":"Presentation.mode.font.size[24]"}}
{"recorder_version":"21","session":"c8287dbc38a6","build":"192.6603.28","bucket":"197","time":1573025410000,"group":{"id":"ui.fonts","version":"1"},"event":{"state":true,"data":{"created":1573025410001},"id":"invoked"}}
{"recorder_version":"21","session":"c8287dbc38a6","build":"192.6603.28","bucket":"197","time":1573025410000,"group":{"id":"system.runtime","version":"2"},"event":{"state":true,"data":{"created":1573025410001,"name":"ReservedCodeCacheSize","value":240},"id":"jvm.option"}}
{"recorder_version":"21","session":"c8287dbc38a6","build":"192.6603.28","bucket":"197","time":1573025410000,"group":{"id":"system.runtime","version":"2"},"event":{"state":true,"data":{"vendor":"JetBrains","created":1573025410001,"bit":"64","version":"1.11"},"id":"jvm"}}
{"recorder_version":"21","session":"c8287dbc38a6","build":"192.6603.28","bucket":"197","time":1573025410000,"group":{"id":"system.runtime","version":"2"},"event":{"state":true,"data":{"created":1573025410002,"name":"ParNew"},"id":"garbage.collector"}}
{"recorder_version":"21","session":"c8287dbc38a6","build":"192.6603.28","bucket":"197","time":1573025410000,"group":{"id":"system.runtime","version":"2"},"event":{"state":true,"data":{"created":1573025410002,"value":12},"id":"cores"}}
{"recorder_version":"21","session":"c8287dbc38a6","build":"192.6603.28","bucket":"197","time":1573025410000,"group":{"id":"system.runtime","version":"2"},"event":{"state":true,"data":{"created":1573025410002,"name":"SoftRefLRUPolicyMSPerMB","value":50},"id":"jvm.option"}}
{"recorder_version":"21","session":"c8287dbc38a6","build":"192.6603.28","bucket":"197","time":1573025410000,"group":{"id":"system.runtime","version":"2"},"event":{"state":true,"data":{"created":1573025410002,"name":"ConcurrentMarkSweep"},"id":"garbage.collector"}}
{"recorder_version":"21","session":"c8287dbc38a6","build":"192.6603.28","bucket":"197","time":1573025410000,"group":{"id":"system.runtime","version":"2"},"event":{"state":true,"data":{"created":1573025410002,"name":"Xmx","value":750},"id":"jvm.option"}}
{"recorder_version":"21","session":"c8287dbc38a6","build":"192.6603.28","bucket":"197","time":1573025410000,"group":{"id":"system.runtime","version":"2"},"event":{"state":true,"data":{"created":1573025410002,"name":"Xms","value":128},"id":"jvm.option"}}
{"recorder_version":"21","session":"c8287dbc38a6","build":"192.6603.28","bucket":"197","time":1573025410000,"group":{"id":"system.runtime","version":"2"},"event":{"state":true,"data":{"created":1573025410002},"id":"invoked"}}
{"recorder_version":"21","session":"c8287dbc38a6","build":"192.6603.28","bucket":"197","time":1573025410002,"group":{"id":"ui.screen.scale","version":"1"},"event":{"state":true,"data":{"os":"Windows","created":1573025410002},"id":"1.25"}}
{"recorder_version":"21","session":"c8287dbc38a6","build":"192.6603.28","bucket":"197","time":1573025410002,"group":{"id":"ui.screen.scale","version":"1"},"event":{"state":true,"data":{"created":1573025410003},"id":"invoked"}}
{"recorder_version":"21","session":"c8287dbc38a6","build":"192.6603.28","bucket":"197","time":1573025410003,"group":{"id":"vcs.application.configuration","version":"1"},"event":{"state":true,"data":{"created":1573025410003},"id":"invoked"}}
{"recorder_version":"21","session":"c8287dbc38a6","build":"192.6603.28","bucket":"197","time":1573025410003,"group":{"id":"ui.editor.color.schemes","version":"2"},"event":{"state":true,"data":{"os":"Windows","created":1573025410003,"value":true},"id":"Darcula"}}
{"recorder_version":"21","session":"c8287dbc38a6","build":"192.6603.28","bucket":"197","time":1573025410003,"group":{"id":"ui.editor.color.schemes","version":"2"},"event":{"state":true,"data":{"created":1573025410003},"id":"invoked"}}
{"recorder_version":"21","session":"c8287dbc38a6","build":"192.6603.28","bucket":"197","time":1573025410003,"group":{"id":"keymaps.name","version":"1"},"event":{"state":true,"data":{"os":"Windows","created":1573025410003},"id":"$default"}}
{"recorder_version":"21","session":"c8287dbc38a6","build":"192.6603.28","bucket":"197","time":1573025410003,"group":{"id":"keymaps.name","version":"1"},"event":{"state":true,"data":{"created":1573025410003},"id":"invoked"}}
{"recorder_version":"21","session":"c8287dbc38a6","build":"192.6603.28","bucket":"197","time":1573025410004,"group":{"id":"vcs.log.index.application","version":"2"},"event":{"state":true,"data":{"created":1573025410004},"id":"invoked"}}
{"recorder_version":"21","session":"c8287dbc38a6","build":"192.6603.28","bucket":"197","time":1573025412490,"group":{"id":"performance","version":"21"},"event":{"count":1,"data":{"duration_ms":0,"created":1573025412490},"id":"ui.latency"}}
{"recorder_version":"21","session":"c8287dbc38a6","build":"192.6603.28","bucket":"197","time":1573025420779,"group":{"id":"productivity","version":"21"},"event":{"count":1,"data":{"created":1573025420780,"plugin_type":"PLATFORM"},"id":"codeassists.highlight.throws"}}
{"recorder_version":"21","session":"c8287dbc38a6","build":"192.6603.28","bucket":"197","time":1573025428822,"group":{"id":"actions","version":"21"},"event":{"count":1,"data":{"context_menu":false,"current_file":"JAVA","created":1573025428822,"plugin_type":"PLATFORM","project":"ce81861df292f5aef62deba0ef0a15a4be4c461022f064a7c9055ab182797247","place":"keyboard_shortcut","class":"com.intellij.openapi.editor.actions.BackspaceAction","input_event":"Backspace"},"id":"EditorBackSpace"}}
{"recorder_version":"21","session":"c8287dbc38a6","build":"192.6603.28","bucket":"197","time":1573025430961,"group":{"id":"productivity","version":"21"},"event":{"count":3,"data":{"last":1573025431613,"created":1573025430961,"plugin_type":"PLATFORM"},"id":"codeassists.highlight.throws"}}
{"recorder_version":"21","session":"c8287dbc38a6","build":"192.6603.28","bucket":"197","time":1573025432021,"group":{"id":"actions","version":"21"},"event":{"count":1,"data":{"context_menu":false,"current_file":"JAVA","created":1573025432021,"plugin_type":"PLATFORM","project":"ce81861df292f5aef62deba0ef0a15a4be4c461022f064a7c9055ab182797247","place":"keyboard_shortcut","class":"com.intellij.openapi.editor.actions.BackspaceAction","input_event":"Backspace"},"id":"EditorBackSpace"}}
{"recorder_version":"21","session":"c8287dbc38a6","build":"192.6603.28","bucket":"197","time":1573025443608,"group":{"id":"file.types.usage","version":"21"},"event":{"count":1,"data":{"plugin":"com.intellij.java","created":1573025443609,"plugin_type":"JB_BUNDLED","project":"ce81861df292f5aef62deba0ef0a15a4be4c461022f064a7c9055ab182797247","type":"edit"},"id":"JAVA"}}
{"recorder_version":"21","session":"c8287dbc38a6","build":"192.6603.28","bucket":"197","time":1573025444930,"group":{"id":"actions","version":"21"},"event":{"count":1,"data":{"context_menu":false,"current_file":"JAVA","created":1573025444930,"plugin_type":"PLATFORM","project":"ce81861df292f5aef62deba0ef0a15a4be4c461022f064a7c9055ab182797247","place":"keyboard_shortcut","class":"com.intellij.codeInsight.lookup.impl.actions.ChooseItemAction$FocusedOnly","input_event":"Enter"},"id":"EditorChooseLookupItem"}}
{"recorder_version":"21","session":"c8287dbc38a6","build":"192.6603.28","bucket":"197","time":1573025444943,"group":{"id":"productivity","version":"21"},"event":{"count":1,"data":{"created":1573025444943,"plugin_type":"PLATFORM"},"id":"editing.completion.basic"}}
{"recorder_version":"21","session":"c8287dbc38a6","build":"192.6603.28","bucket":"197","time":1573025444948,"group":{"id":"live.templates","version":"21"},"event":{"count":1,"data":{"plugin":"com.intellij.java","created":1573025444949,"plugin_type":"JB_BUNDLED","lang":"JAVA","group":"output"},"id":"sout"}}
{"recorder_version":"21","session":"c8287dbc38a6","build":"192.6603.28","bucket":"197","time":1573025459241,"group":{"id":"actions","version":"21"},"event":{"count":1,"data":{"context_menu":true,"parent":"com.intellij.execution.lineMarker.LineMarkerActionWrapper","current_file":"JAVA","created":1573025459241,"plugin_type":"PLATFORM","project":"ce81861df292f5aef62deba0ef0a15a4be4c461022f064a7c9055ab182797247","place":"ICON_NAVIGATION_SECONDARY_BUTTON","class":"com.intellij.execution.lineMarker.ExecutorAction","input_event":"MouseLeft"},"id":"com.intellij.execution.lineMarker.ExecutorAction"}}
{"recorder_version":"21","session":"c8287dbc38a6","build":"192.6603.28","bucket":"197","time":1573025459295,"group":{"id":"run.configuration.exec","version":"21"},"event":{"count":1,"data":{"plugin":"com.intellij.java","executor":"Run","created":1573025459295,"plugin_type":"JB_BUNDLED","project":"ce81861df292f5aef62deba0ef0a15a4be4c461022f064a7c9055ab182797247"},"id":"Application"}}
{"recorder_version":"21","session":"c8287dbc38a6","build":"192.6603.28","bucket":"197","time":1573025460693,"group":{"id":"toolwindow","version":"21"},"event":{"count":1,"data":{"os":"Windows","created":1573025460693,"plugin_type":"PLATFORM"},"id":"Messages"}}
{"recorder_version":"21","session":"c8287dbc38a6","build":"192.6603.28","bucket":"197","time":1573025491083,"group":{"id":"actions","version":"21"},"event":{"count":1,"data":{"context_menu":false,"current_file":"JAVA","created":1573025491083,"plugin_type":"PLATFORM","project":"ce81861df292f5aef62deba0ef0a15a4be4c461022f064a7c9055ab182797247","place":"keyboard_shortcut","class":"com.intellij.openapi.editor.actions.BackspaceAction","input_event":"Backspace"},"id":"EditorBackSpace"}}
{"recorder_version":"21","session":"c8287dbc38a6","build":"192.6603.28","bucket":"197","time":1573025505066,"group":{"id":"actions","version":"21"},"event":{"count":1,"data":{"context_menu":true,"parent":"com.intellij.execution.lineMarker.LineMarkerActionWrapper","current_file":"JAVA","created":1573025505067,"plugin_type":"PLATFORM","project":"ce81861df292f5aef62deba0ef0a15a4be4c461022f064a7c9055ab182797247","place":"ICON_NAVIGATION_SECONDARY_BUTTON","class":"com.intellij.execution.lineMarker.ExecutorAction","input_event":"MouseLeft"},"id":"com.intellij.execution.lineMarker.ExecutorAction"}}
{"recorder_version":"21","session":"c8287dbc38a6","build":"192.6603.28","bucket":"197","time":1573025505120,"group":{"id":"run.configuration.exec","version":"21"},"event":{"count":1,"data":{"plugin":"com.intellij.java","executor":"Run","created":1573025505121,"plugin_type":"JB_BUNDLED","project":"ce81861df292f5aef62deba0ef0a15a4be4c461022f064a7c9055ab182797247"},"id":"Application"}}
{"recorder_version":"21","session":"c8287dbc38a6","build":"192.6603.28","bucket":"197","time":1573025506389,"group":{"id":"toolwindow","version":"21"},"event":{"count":1,"data":{"os":"Windows","created":1573025506389,"plugin_type":"PLATFORM"},"id":"Messages"}}
{"recorder_version":"21","session":"c8287dbc38a6","build":"192.6603.28","bucket":"197","time":1573025512598,"group":{"id":"performance","version":"21"},"event":{"count":1,"data":{"duration_ms":0,"created":1573025512598},"id":"ui.latency"}}
{"recorder_version":"21","session":"c8287dbc38a6","build":"192.6603.28","bucket":"197","time":1573025518314,"group":{"id":"actions","version":"21"},"event":{"count":1,"data":{"context_menu":false,"current_file":"JAVA","created":1573025518314,"plugin_type":"PLATFORM","project":"ce81861df292f5aef62deba0ef0a15a4be4c461022f064a7c9055ab182797247","place":"keyboard_shortcut","class":"com.intellij.openapi.editor.actions.StartNewLineAction","input_event":"Shift+Enter"},"id":"EditorStartNewLine"}}
{"recorder_version":"21","session":"c8287dbc38a6","build":"192.6603.28","bucket":"197","time":1573025520519,"group":{"id":"actions","version":"21"},"event":{"count":1,"data":{"context_menu":false,"current_file":"JAVA","created":1573025520519,"plugin_type":"PLATFORM","project":"ce81861df292f5aef62deba0ef0a15a4be4c461022f064a7c9055ab182797247","place":"keyboard_shortcut","class":"com.intellij.openapi.editor.actions.BackspaceAction","input_event":"Backspace"},"id":"EditorBackSpace"}}
{"recorder_version":"21","session":"c8287dbc38a6","build":"192.6603.28","bucket":"197","time":1573025525878,"group":{"id":"file.types.usage","version":"21"},"event":{"count":1,"data":{"plugin":"com.intellij.java","created":1573025525878,"plugin_type":"JB_BUNDLED","project":"ce81861df292f5aef62deba0ef0a15a4be4c461022f064a7c9055ab182797247","type":"edit"},"id":"JAVA"}}
{"recorder_version":"21","session":"c8287dbc38a6","build":"192.6603.28","bucket":"197","time":1573025532512,"group":{"id":"productivity","version":"21"},"event":{"count":1,"data":{"created":1573025532512,"plugin_type":"PLATFORM"},"id":"editing.select.word"}}
{"recorder_version":"21","session":"c8287dbc38a6","build":"192.6603.28","bucket":"197","time":1573025536428,"group":{"id":"actions","version":"21"},"event":{"count":1,"data":{"context_menu":true,"parent":"com.intellij.execution.lineMarker.LineMarkerActionWrapper","current_file":"JAVA","created":1573025536428,"plugin_type":"PLATFORM","project":"ce81861df292f5aef62deba0ef0a15a4be4c461022f064a7c9055ab182797247","place":"ICON_NAVIGATION_SECONDARY_BUTTON","class":"com.intellij.execution.lineMarker.ExecutorAction","input_event":"MouseLeft"},"id":"com.intellij.execution.lineMarker.ExecutorAction"}}
{"recorder_version":"21","session":"c8287dbc38a6","build":"192.6603.28","bucket":"197","time":1573025536482,"group":{"id":"run.configuration.exec","version":"21"},"event":{"count":1,"data":{"plugin":"com.intellij.java","executor":"Run","created":1573025536482,"plugin_type":"JB_BUNDLED","project":"ce81861df292f5aef62deba0ef0a15a4be4c461022f064a7c9055ab182797247"},"id":"Application"}}
{"recorder_version":"21","session":"c8287dbc38a6","build":"192.6603.28","bucket":"197","time":1573025537839,"group":{"id":"toolwindow","version":"21"},"event":{"count":1,"data":{"os":"Windows","created":1573025537840,"plugin_type":"PLATFORM"},"id":"Messages"}}
{"recorder_version":"21","session":"c8287dbc38a6","build":"192.6603.28","bucket":"197","time":1573025552863,"group":{"id":"actions","version":"21"},"event":{"count":1,"data":{"context_menu":false,"current_file":"JAVA","created":1573025552863,"plugin_type":"PLATFORM","project":"ce81861df292f5aef62deba0ef0a15a4be4c461022f064a7c9055ab182797247","place":"unknown","class":"com.intellij.ide.actions.HideAllToolWindowsAction","input_event":"MouseLeft(2x)"},"id":"HideAllWindows"}}
{"recorder_version":"21","session":"c8287dbc38a6","build":"192.6603.28","bucket":"197","time":1573025560358,"group":{"id":"toolwindow","version":"21"},"event":{"count":1,"data":{"os":"Windows","created":1573025560358,"plugin_type":"PLATFORM"},"id":"Project"}}
{"recorder_version":"21","session":"c8287dbc38a6","build":"192.6603.28","bucket":"197","time":1573025572962,"group":{"id":"actions","version":"21"},"event":{"count":1,"data":{"context_menu":true,"parent":"com.intellij.execution.lineMarker.LineMarkerActionWrapper","current_file":"JAVA","created":1573025572962,"plugin_type":"PLATFORM","project":"ce81861df292f5aef62deba0ef0a15a4be4c461022f064a7c9055ab182797247","place":"ICON_NAVIGATION_SECONDARY_BUTTON","class":"com.intellij.execution.lineMarker.ExecutorAction","input_event":"MouseLeft"},"id":"com.intellij.execution.lineMarker.ExecutorAction"}}
{"recorder_version":"21","session":"c8287dbc38a6","build":"192.6603.28","bucket":"197","time":1573025573016,"group":{"id":"run.configuration.exec","version":"21"},"event":{"count":1,"data":{"plugin":"com.intellij.java","executor":"Run","created":1573025573016,"plugin_type":"JB_BUNDLED","project":"ce81861df292f5aef62deba0ef0a15a4be4c461022f064a7c9055ab182797247"},"id":"Application"}}
{"recorder_version":"21","session":"c8287dbc38a6","build":"192.6603.28","bucket":"197","time":1573025574378,"group":{"id":"toolwindow","version":"21"},"event":{"count":1,"data":{"os":"Windows","created":1573025574378,"plugin_type":"PLATFORM"},"id":"Messages"}}
{"recorder_version":"21","session":"c8287dbc38a6","build":"192.6603.28","bucket":"197","time":1573025582179,"group":{"id":"actions","version":"21"},"event":{"count":1,"data":{"context_menu":false,"current_file":"JAVA","created":1573025582179,"plugin_type":"PLATFORM","project":"ce81861df292f5aef62deba0ef0a15a4be4c461022f064a7c9055ab182797247","place":"keyboard_shortcut","class":"com.intellij.openapi.editor.actions.BackspaceAction","input_event":"Backspace"},"id":"EditorBackSpace"}}
{"recorder_version":"21","session":"c8287dbc38a6","build":"192.6603.28","bucket":"197","time":1573025586707,"group":{"id":"actions","version":"21"},"event":{"count":1,"data":{"context_menu":true,"parent":"com.intellij.execution.lineMarker.LineMarkerActionWrapper","current_file":"JAVA","created":1573025586707,"plugin_type":"PLATFORM","project":"ce81861df292f5aef62deba0ef0a15a4be4c461022f064a7c9055ab182797247","place":"ICON_NAVIGATION_SECONDARY_BUTTON","class":"com.intellij.execution.lineMarker.ExecutorAction","input_event":"MouseLeft"},"id":"com.intellij.execution.lineMarker.ExecutorAction"}}
{"recorder_version":"21","session":"c8287dbc38a6","build":"192.6603.28","bucket":"197","time":1573025586760,"group":{"id":"run.configuration.exec","version":"21"},"event":{"count":1,"data":{"plugin":"com.intellij.java","executor":"Run","created":1573025586760,"plugin_type":"JB_BUNDLED","project":"ce81861df292f5aef62deba0ef0a15a4be4c461022f064a7c9055ab182797247"},"id":"Application"}}
{"recorder_version":"21","session":"c8287dbc38a6","build":"192.6603.28","bucket":"197","time":1573025588757,"group":{"id":"toolwindow","version":"21"},"event":{"count":1,"data":{"os":"Windows","created":1573025588757,"plugin_type":"PLATFORM"},"id":"Run"}}
{"recorder_version":"21","session":"c8287dbc38a6","build":"192.6603.28","bucket":"197","time":1573025604429,"group":{"id":"actions","version":"21"},"event":{"count":2,"data":{"context_menu":false,"last":1573025608246,"current_file":"JAVA","created":1573025604430,"plugin_type":"PLATFORM","project":"ce81861df292f5aef62deba0ef0a15a4be4c461022f064a7c9055ab182797247","place":"keyboard_shortcut","class":"com.intellij.openapi.editor.actions.BackspaceAction","input_event":"Backspace"},"id":"EditorBackSpace"}}
{"recorder_version":"21","session":"c8287dbc38a6","build":"192.6603.28","bucket":"197","time":1573025612688,"group":{"id":"performance","version":"21"},"event":{"count":1,"data":{"duration_ms":0,"created":1573025612688},"id":"ui.latency"}}
{"recorder_version":"21","session":"c8287dbc38a6","build":"192.6603.28","bucket":"197","time":1573025628436,"group":{"id":"actions","version":"21"},"event":{"count":1,"data":{"context_menu":true,"current_file":"JAVA","created":1573025628437,"plugin_type":"PLATFORM","project":"ce81861df292f5aef62deba0ef0a15a4be4c461022f064a7c9055ab182797247","place":"EditorPopup","class":"com.intellij.ide.actions.CutAction","input_event":"MouseLeft"},"id":"$Cut"}}
{"recorder_version":"21","session":"c8287dbc38a6","build":"192.6603.28","bucket":"197","time":1573025638514,"group":{"id":"actions","version":"21"},"event":{"count":1,"data":{"context_menu":true,"current_file":"JAVA","created":1573025638514,"plugin_type":"PLATFORM","project":"ce81861df292f5aef62deba0ef0a15a4be4c461022f064a7c9055ab182797247","place":"EditorPopup","class":"com.intellij.ide.actions.PasteAction","input_event":"MouseLeft"},"id":"$Paste"}}
{"recorder_version":"21","session":"c8287dbc38a6","build":"192.6603.28","bucket":"197","time":1573025643506,"group":{"id":"actions","version":"21"},"event":{"count":1,"data":{"context_menu":true,"current_file":"JAVA","created":1573025643506,"plugin_type":"PLATFORM","project":"ce81861df292f5aef62deba0ef0a15a4be4c461022f064a7c9055ab182797247","place":"EditorPopup","class":"com.intellij.ide.actions.CutAction","input_event":"MouseLeft"},"id":"$Cut"}}
{"recorder_version":"21","session":"c8287dbc38a6","build":"192.6603.28","bucket":"197","time":1573025648556,"group":{"id":"file.types.usage","version":"21"},"event":{"count":1,"data":{"plugin":"com.intellij.java","created":1573025648556,"plugin_type":"JB_BUNDLED","project":"ce81861df292f5aef62deba0ef0a15a4be4c461022f064a7c9055ab182797247","type":"edit"},"id":"JAVA"}}
{"recorder_version":"21","session":"c8287dbc38a6","build":"192.6603.28","bucket":"197","time":1573025653060,"group":{"id":"actions","version":"21"},"event":{"count":1,"data":{"context_menu":false,"current_file":"JAVA","created":1573025653060,"plugin_type":"PLATFORM","project":"ce81861df292f5aef62deba0ef0a15a4be4c461022f064a7c9055ab182797247","place":"keyboard_shortcut","class":"com.intellij.openapi.editor.actions.BackspaceAction","input_event":"Backspace"},"id":"EditorBackSpace"}}
{"recorder_version":"21","session":"c8287dbc38a6","build":"192.6603.28","bucket":"197","time":1573025656083,"group":{"id":"productivity","version":"21"},"event":{"count":1,"data":{"created":1573025656083,"plugin_type":"PLATFORM"},"id":"editing.select.word"}}
{"recorder_version":"21","session":"c8287dbc38a6","build":"192.6603.28","bucket":"197","time":1573025688641,"group":{"id":"actions","version":"21"},"event":{"count":4,"data":{"context_menu":false,"last":1573025691204,"current_file":"JAVA","created":1573025688641,"plugin_type":"PLATFORM","project":"ce81861df292f5aef62deba0ef0a15a4be4c461022f064a7c9055ab182797247","place":"keyboard_shortcut","class":"com.intellij.openapi.editor.actions.TabAction","input_event":"Tab"},"id":"EditorTab"}}
{"recorder_version":"21","session":"c8287dbc38a6","build":"192.6603.28","bucket":"197","time":1573025712785,"group":{"id":"performance","version":"21"},"event":{"count":1,"data":{"duration_ms":0,"created":1573025712785},"id":"ui.latency"}}
{"recorder_version":"21","session":"c8287dbc38a6","build":"192.6603.28","bucket":"197","time":1573025793387,"group":{"id":"ui.dialogs","version":"21"},"event":{"count":1,"data":{"created":1573025793387,"plugin_type":"PLATFORM","type":"show"},"id":"com.intellij.openapi.ui.messages.MessageDialog"}}
{"recorder_version":"21","session":"c8287dbc38a6","build":"192.6603.28","bucket":"197","time":1573025794987,"group":{"id":"lifecycle","version":"21"},"event":{"count":1,"data":{"restart":false,"created":1573025794987},"id":"ide.close"}}
{"recorder_version":"21","session":"c8287dbc38a6","build":"192.6603.28","bucket":"197","time":1573025795114,"group":{"id":"lifecycle","version":"21"},"event":{"count":1,"data":{"created":1573025795114,"project":"ce81861df292f5aef62deba0ef0a15a4be4c461022f064a7c9055ab182797247"},"id":"project.closed"}}
